Copyright 1986-2016 Xilinx, Inc. All Rights Reserved.
-------------------------------------------------------------------------------------------------------------------------------------
| Tool Version : Vivado v.2016.4 (win64) Build 1756540 Mon Jan 23 19:11:23 MST 2017
| Date         : Wed Mar 29 22:10:52 2017
| Host         : Inator running 64-bit major release  (build 9200)
| Command      : report_methodology -file ex3_top_wrapper_methodology_drc_routed.rpt -rpx ex3_top_wrapper_methodology_drc_routed.rpx
| Design       : ex3_top_wrapper
| Device       : xc7a100tcsg324-3
| Speed File   : -3
| Design State : Routed
-------------------------------------------------------------------------------------------------------------------------------------

Report Methodology

Table of Contents
-----------------
1. REPORT SUMMARY
2. REPORT DETAILS

1. REPORT SUMMARY
-----------------
            Netlist: netlist
          Floorplan: design_1
      Design limits: <entire design considered>
             Max violations: <unlimited>
             Violations found: 40
+-----------+----------+--------------------------------------------------------+------------+
| Rule      | Severity | Description                                            | Violations |
+-----------+----------+--------------------------------------------------------+------------+
| TIMING-17 | Warning  | Non-clocked sequential cell                            | 7          |
| TIMING-18 | Warning  | Missing input or output delay                          | 31         |
| XDCC-1    | Warning  | Scoped Clock constraint overwritten with the same name | 2          |
+-----------+----------+--------------------------------------------------------+------------+

2. REPORT DETAILS
-----------------
TIMING-17#1 Warning
Non-clocked sequential cell  
The clock pin ex3_top_i/counter_generic_0/U0/counter/s_countValue_reg[0]/C is not reached by a timing clock
Related violations: <none>

TIMING-17#2 Warning
Non-clocked sequential cell  
The clock pin ex3_top_i/counter_generic_0/U0/counter/s_countValue_reg[1]/C is not reached by a timing clock
Related violations: <none>

TIMING-17#3 Warning
Non-clocked sequential cell  
The clock pin ex3_top_i/counter_generic_0/U0/counter/s_countValue_reg[2]/C is not reached by a timing clock
Related violations: <none>

TIMING-17#4 Warning
Non-clocked sequential cell  
The clock pin ex3_top_i/counter_generic_0/U0/counter/s_countValue_reg[3]/C is not reached by a timing clock
Related violations: <none>

TIMING-17#5 Warning
Non-clocked sequential cell  
The clock pin ex3_top_i/counter_generic_0/U0/counter/s_countValue_reg[4]/C is not reached by a timing clock
Related violations: <none>

TIMING-17#6 Warning
Non-clocked sequential cell  
The clock pin ex3_top_i/counter_generic_0/U0/counter/s_countValue_reg[5]/C is not reached by a timing clock
Related violations: <none>

TIMING-17#7 Warning
Non-clocked sequential cell  
The clock pin ex3_top_i/counter_generic_0/U0/counter/s_countValue_reg[6]/C is not reached by a timing clock
Related violations: <none>

TIMING-18#1 Warning
Missing input or output delay  
An output delay is missing on an[0] relative to clock(s) sys_clk_pin 
Related violations: <none>

TIMING-18#2 Warning
Missing input or output delay  
An output delay is missing on an[1] relative to clock(s) sys_clk_pin 
Related violations: <none>

TIMING-18#3 Warning
Missing input or output delay  
An output delay is missing on an[2] relative to clock(s) sys_clk_pin 
Related violations: <none>

TIMING-18#4 Warning
Missing input or output delay  
An output delay is missing on an[3] relative to clock(s) sys_clk_pin 
Related violations: <none>

TIMING-18#5 Warning
Missing input or output delay  
An output delay is missing on an[4] relative to clock(s) sys_clk_pin 
Related violations: <none>

TIMING-18#6 Warning
Missing input or output delay  
An output delay is missing on an[5] relative to clock(s) sys_clk_pin 
Related violations: <none>

TIMING-18#7 Warning
Missing input or output delay  
An output delay is missing on an[6] relative to clock(s) sys_clk_pin 
Related violations: <none>

TIMING-18#8 Warning
Missing input or output delay  
An output delay is missing on an[7] relative to clock(s) sys_clk_pin 
Related violations: <none>

TIMING-18#9 Warning
Missing input or output delay  
An output delay is missing on led[0] relative to clock(s) sys_clk_pin 
Related violations: <none>

TIMING-18#10 Warning
Missing input or output delay  
An output delay is missing on led[10] relative to clock(s) sys_clk_pin 
Related violations: <none>

TIMING-18#11 Warning
Missing input or output delay  
An output delay is missing on led[11] relative to clock(s) sys_clk_pin 
Related violations: <none>

TIMING-18#12 Warning
Missing input or output delay  
An output delay is missing on led[12] relative to clock(s) sys_clk_pin 
Related violations: <none>

TIMING-18#13 Warning
Missing input or output delay  
An output delay is missing on led[13] relative to clock(s) sys_clk_pin 
Related violations: <none>

TIMING-18#14 Warning
Missing input or output delay  
An output delay is missing on led[14] relative to clock(s) sys_clk_pin 
Related violations: <none>

TIMING-18#15 Warning
Missing input or output delay  
An output delay is missing on led[15] relative to clock(s) sys_clk_pin 
Related violations: <none>

TIMING-18#16 Warning
Missing input or output delay  
An output delay is missing on led[1] relative to clock(s) sys_clk_pin 
Related violations: <none>

TIMING-18#17 Warning
Missing input or output delay  
An output delay is missing on led[2] relative to clock(s) sys_clk_pin 
Related violations: <none>

TIMING-18#18 Warning
Missing input or output delay  
An output delay is missing on led[3] relative to clock(s) sys_clk_pin 
Related violations: <none>

TIMING-18#19 Warning
Missing input or output delay  
An output delay is missing on led[4] relative to clock(s) sys_clk_pin 
Related violations: <none>

TIMING-18#20 Warning
Missing input or output delay  
An output delay is missing on led[5] relative to clock(s) sys_clk_pin 
Related violations: <none>

TIMING-18#21 Warning
Missing input or output delay  
An output delay is missing on led[6] relative to clock(s) sys_clk_pin 
Related violations: <none>

TIMING-18#22 Warning
Missing input or output delay  
An output delay is missing on led[7] relative to clock(s) sys_clk_pin 
Related violations: <none>

TIMING-18#23 Warning
Missing input or output delay  
An output delay is missing on led[8] relative to clock(s) sys_clk_pin 
Related violations: <none>

TIMING-18#24 Warning
Missing input or output delay  
An output delay is missing on led[9] relative to clock(s) sys_clk_pin 
Related violations: <none>

TIMING-18#25 Warning
Missing input or output delay  
An output delay is missing on seg[0] relative to clock(s) sys_clk_pin 
Related violations: <none>

TIMING-18#26 Warning
Missing input or output delay  
An output delay is missing on seg[1] relative to clock(s) sys_clk_pin 
Related violations: <none>

TIMING-18#27 Warning
Missing input or output delay  
An output delay is missing on seg[2] relative to clock(s) sys_clk_pin 
Related violations: <none>

TIMING-18#28 Warning
Missing input or output delay  
An output delay is missing on seg[3] relative to clock(s) sys_clk_pin 
Related violations: <none>

TIMING-18#29 Warning
Missing input or output delay  
An output delay is missing on seg[4] relative to clock(s) sys_clk_pin 
Related violations: <none>

TIMING-18#30 Warning
Missing input or output delay  
An output delay is missing on seg[5] relative to clock(s) sys_clk_pin 
Related violations: <none>

TIMING-18#31 Warning
Missing input or output delay  
An output delay is missing on seg[6] relative to clock(s) sys_clk_pin 
Related violations: <none>

XDCC-1#1 Warning
Scoped Clock constraint overwritten with the same name  
A new clock constraint create_clock overrides a previous scoped clock constraint with the same name. It is not recommended to override a scoped (typically an IP) clock constraint and could result in unexpected behaviors.
New: create_clock -period 10.000 -name sys_clk_pin -waveform {0.000 5.000} -add [get_ports -scoped_to_current_instance clk] (Source: c:/Users/jduarte/Documents/GitHub/CR/Aula5/ex3/ex3.srcs/sources_1/bd/ex3_top/ip/ex3_top_number_of_ones_0_0/constrs_1/imports/CR/Nexys4_Master.xdc (Line: 10))
Previous: create_clock -period 10.000 -name sys_clk_pin -waveform {0.000 5.000} -add [get_ports -scoped_to_current_instance clk] (Source: c:/Users/jduarte/Documents/GitHub/CR/Aula5/ex3/ex3.srcs/sources_1/bd/ex3_top/ip/ex3_top_counter_generic_0_0/constrs_1/imports/Desktop/Nexys4_Master.xdc (Line: 10))
Related violations: <none>

XDCC-1#2 Warning
Scoped Clock constraint overwritten with the same name  
A new clock constraint create_clock overrides a previous scoped clock constraint with the same name. It is not recommended to override a scoped (typically an IP) clock constraint and could result in unexpected behaviors.
New: create_clock -period 10.000 -name sys_clk_pin -waveform {0.000 5.000} -add [get_ports clk] (Source: C:/Users/jduarte/Documents/GitHub/CR/Aula5/ex3/ex3.srcs/constrs_1/imports/CR/Nexys4_Master.xdc (Line: 10))
Previous: create_clock -period 10.000 -name sys_clk_pin -waveform {0.000 5.000} -add [get_ports -scoped_to_current_instance clk] (Source: c:/Users/jduarte/Documents/GitHub/CR/Aula5/ex3/ex3.srcs/sources_1/bd/ex3_top/ip/ex3_top_number_of_ones_0_0/constrs_1/imports/CR/Nexys4_Master.xdc (Line: 10))
Related violations: <none>


