Copyright 1986-2016 Xilinx, Inc. All Rights Reserved.
------------------------------------------------------------------------------------
| Tool Version : Vivado v.2016.4 (win64) Build 1756540 Mon Jan 23 19:11:23 MST 2017
| Date         : Thu Mar 02 12:22:17 2017
| Host         : Inator running 64-bit major release  (build 9200)
| Command      : report_control_sets -verbose -file ex9_control_sets_placed.rpt
| Design       : ex9
| Device       : xc7a100t
------------------------------------------------------------------------------------

Control Set Information

Table of Contents
-----------------
1. Summary
2. Flip-Flop Distribution
3. Detailed Control Set Information

1. Summary
----------

+----------------------------------------------------------+-------+
|                          Status                          | Count |
+----------------------------------------------------------+-------+
| Number of unique control sets                            |     3 |
| Unused register locations in slices containing registers |     8 |
+----------------------------------------------------------+-------+


2. Flip-Flop Distribution
-------------------------

+--------------+-----------------------+------------------------+-----------------+--------------+
| Clock Enable | Synchronous Set/Reset | Asynchronous Set/Reset | Total Registers | Total Slices |
+--------------+-----------------------+------------------------+-----------------+--------------+
| No           | No                    | No                     |               2 |            2 |
| No           | No                    | Yes                    |               0 |            0 |
| No           | Yes                   | No                     |              30 |            8 |
| Yes          | No                    | No                     |               0 |            0 |
| Yes          | No                    | Yes                    |               0 |            0 |
| Yes          | Yes                   | No                     |              16 |            5 |
+--------------+-----------------------+------------------------+-----------------+--------------+


3. Detailed Control Set Information
-----------------------------------

+-----------------------------+----------------------------+-----------------------------------+------------------+----------------+
|         Clock Signal        |        Enable Signal       |          Set/Reset Signal         | Slice Load Count | Bel Load Count |
+-----------------------------+----------------------------+-----------------------------------+------------------+----------------+
|  clk_IBUF_BUFG              |                            |                                   |                2 |              2 |
|  clk_dvr1/s_dataOut_reg[15] | core/s_dataOut[15]_i_2_n_0 | core/s_dataOut[15]_i_1_n_0        |                5 |             16 |
|  clk_IBUF_BUFG              |                            | clk_dvr1/s_divCounter[30]_i_1_n_0 |                8 |             30 |
+-----------------------------+----------------------------+-----------------------------------+------------------+----------------+


+--------+-----------------------+
| Fanout | Number of ControlSets |
+--------+-----------------------+
| 2      |                     1 |
| 16+    |                     2 |
+--------+-----------------------+


