Copyright 1986-2016 Xilinx, Inc. All Rights Reserved.
------------------------------------------------------------------------------------
| Tool Version : Vivado v.2016.4 (win64) Build 1756540 Mon Jan 23 19:11:23 MST 2017
| Date         : Thu Mar 09 12:23:02 2017
| Host         : Inator running 64-bit major release  (build 9200)
| Command      : report_control_sets -verbose -file ex4_control_sets_placed.rpt
| Design       : ex4
| Device       : xc7a100t
------------------------------------------------------------------------------------

Control Set Information

Table of Contents
-----------------
1. Summary
2. Flip-Flop Distribution
3. Detailed Control Set Information

1. Summary
----------

+----------------------------------------------------------+-------+
|                          Status                          | Count |
+----------------------------------------------------------+-------+
| Number of unique control sets                            |     4 |
| Unused register locations in slices containing registers |    15 |
+----------------------------------------------------------+-------+


2. Flip-Flop Distribution
-------------------------

+--------------+-----------------------+------------------------+-----------------+--------------+
| Clock Enable | Synchronous Set/Reset | Asynchronous Set/Reset | Total Registers | Total Slices |
+--------------+-----------------------+------------------------+-----------------+--------------+
| No           | No                    | No                     |              25 |           10 |
| No           | No                    | Yes                    |               0 |            0 |
| No           | Yes                   | No                     |               8 |            4 |
| Yes          | No                    | No                     |               0 |            0 |
| Yes          | No                    | Yes                    |               0 |            0 |
| Yes          | Yes                   | No                     |               0 |            0 |
+--------------+-----------------------+------------------------+-----------------+--------------+


3. Detailed Control Set Information
-----------------------------------

+----------------------------------+---------------+------------------+------------------+----------------+
|           Clock Signal           | Enable Signal | Set/Reset Signal | Slice Load Count | Bel Load Count |
+----------------------------------+---------------+------------------+------------------+----------------+
|  min_max/temp_max_reg[3]_i_2_n_0 |               | btnC_IBUF_BUFG   |                2 |              4 |
|  min_max/temp_min_reg[3]_i_2_n_0 |               | btnC_IBUF_BUFG   |                2 |              4 |
| ~btnC_IBUF_BUFG                  |               |                  |                5 |              8 |
|  clk_IBUF_BUFG                   |               |                  |                5 |             17 |
+----------------------------------+---------------+------------------+------------------+----------------+


+--------+-----------------------+
| Fanout | Number of ControlSets |
+--------+-----------------------+
| 4      |                     2 |
| 8      |                     1 |
| 16+    |                     1 |
+--------+-----------------------+


