Copyright 1986-2016 Xilinx, Inc. All Rights Reserved.
--------------------------------------------------------------------------------------------
| Tool Version : Vivado v.2016.4 (win64) Build 1756540 Mon Jan 23 19:11:23 MST 2017
| Date         : Tue Apr 04 19:21:36 2017
| Host         : Inator running 64-bit major release  (build 9200)
| Command      : report_control_sets -verbose -file ex3_top_wrapper_control_sets_placed.rpt
| Design       : ex3_top_wrapper
| Device       : xc7a100t
--------------------------------------------------------------------------------------------

Control Set Information

Table of Contents
-----------------
1. Summary
2. Flip-Flop Distribution
3. Detailed Control Set Information

1. Summary
----------

+----------------------------------------------------------+-------+
|                          Status                          | Count |
+----------------------------------------------------------+-------+
| Number of unique control sets                            |     9 |
| Unused register locations in slices containing registers |     4 |
+----------------------------------------------------------+-------+


2. Flip-Flop Distribution
-------------------------

+--------------+-----------------------+------------------------+-----------------+--------------+
| Clock Enable | Synchronous Set/Reset | Asynchronous Set/Reset | Total Registers | Total Slices |
+--------------+-----------------------+------------------------+-----------------+--------------+
| No           | No                    | No                     |               4 |            1 |
| No           | No                    | Yes                    |               0 |            0 |
| No           | Yes                   | No                     |               0 |            0 |
| Yes          | No                    | No                     |              64 |           17 |
| Yes          | No                    | Yes                    |               0 |            0 |
| Yes          | Yes                   | No                     |               0 |            0 |
+--------------+-----------------------+------------------------+-----------------+--------------+


3. Detailed Control Set Information
-----------------------------------

+----------------+------------------------------------------------------+------------------+------------------+----------------+
|  Clock Signal  |                     Enable Signal                    | Set/Reset Signal | Slice Load Count | Bel Load Count |
+----------------+------------------------------------------------------+------------------+------------------+----------------+
|  clk_IBUF_BUFG |                                                      |                  |                1 |              4 |
|  clk_IBUF_BUFG | ex3_top_i/concat_memory_0/U0/vector_s[13][7]_i_1_n_0 |                  |                2 |              8 |
|  clk_IBUF_BUFG | ex3_top_i/concat_memory_0/U0/vector_s_reg[10]__0_n_0 |                  |                2 |              8 |
|  clk_IBUF_BUFG | ex3_top_i/concat_memory_0/U0/vector_s[9][7]_i_1_n_0  |                  |                2 |              8 |
|  clk_IBUF_BUFG | ex3_top_i/concat_memory_0/U0/vector_s[12][7]_i_1_n_0 |                  |                3 |              8 |
|  clk_IBUF_BUFG | ex3_top_i/concat_memory_0/U0/vector_s[11][7]_i_1_n_0 |                  |                2 |              8 |
|  clk_IBUF_BUFG | ex3_top_i/concat_memory_0/U0/vector_s_reg[14]__0_n_0 |                  |                2 |              8 |
|  clk_IBUF_BUFG | ex3_top_i/concat_memory_0/U0/vector_s[8][7]_i_1_n_0  |                  |                2 |              8 |
|  clk_IBUF_BUFG | ex3_top_i/concat_memory_0/U0/vector_s[15][7]_i_1_n_0 |                  |                2 |              8 |
+----------------+------------------------------------------------------+------------------+------------------+----------------+


+--------+-----------------------+
| Fanout | Number of ControlSets |
+--------+-----------------------+
| 4      |                     1 |
| 8      |                     8 |
+--------+-----------------------+


