Copyright 1986-2016 Xilinx, Inc. All Rights Reserved.
-------------------------------------------------------------------------------------------------------------------------------------------------------------------
| Tool Version     : Vivado v.2016.4 (win64) Build 1756540 Mon Jan 23 19:11:23 MST 2017
| Date             : Tue Apr 04 19:22:16 2017
| Host             : Inator running 64-bit major release  (build 9200)
| Command          : report_power -file ex3_top_wrapper_power_routed.rpt -pb ex3_top_wrapper_power_summary_routed.pb -rpx ex3_top_wrapper_power_routed.rpx
| Design           : ex3_top_wrapper
| Device           : xc7a100tcsg324-3
| Design State     : routed
| Grade            : extended
| Process          : typical
| Characterization : Production
-------------------------------------------------------------------------------------------------------------------------------------------------------------------

Power Report

Table of Contents
-----------------
1. Summary
1.1 On-Chip Components
1.2 Power Supply Summary
1.3 Confidence Level
2. Settings
2.1 Environment
2.2 Clock Constraints
3. Detailed Reports
3.1 By Hierarchy

1. Summary
----------

+--------------------------+--------+
| Total On-Chip Power (W)  | 0.103  |
| Dynamic (W)              | 0.006  |
| Device Static (W)        | 0.097  |
| Effective TJA (C/W)      | 4.6    |
| Max Ambient (C)          | 99.5   |
| Junction Temperature (C) | 25.5   |
| Confidence Level         | Medium |
| Setting File             | ---    |
| Simulation Activity File | ---    |
| Design Nets Matched      | NA     |
+--------------------------+--------+


1.1 On-Chip Components
----------------------

+----------------+-----------+----------+-----------+-----------------+
| On-Chip        | Power (W) | Used     | Available | Utilization (%) |
+----------------+-----------+----------+-----------+-----------------+
| Clocks         |    <0.001 |        3 |       --- |             --- |
| Slice Logic    |    <0.001 |      214 |       --- |             --- |
|   LUT as Logic |    <0.001 |       88 |     63400 |            0.14 |
|   CARRY4       |    <0.001 |        8 |     15850 |            0.05 |
|   Register     |    <0.001 |       68 |    126800 |            0.05 |
|   Others       |     0.000 |        8 |       --- |             --- |
| Signals        |    <0.001 |      165 |       --- |             --- |
| Block RAM      |    <0.001 |      0.5 |       135 |            0.37 |
| I/O            |     0.004 |       10 |       210 |            4.76 |
| Static Power   |     0.097 |          |           |                 |
| Total          |     0.103 |          |           |                 |
+----------------+-----------+----------+-----------+-----------------+


1.2 Power Supply Summary
------------------------

+-----------+-------------+-----------+-------------+------------+
| Source    | Voltage (V) | Total (A) | Dynamic (A) | Static (A) |
+-----------+-------------+-----------+-------------+------------+
| Vccint    |       1.000 |     0.017 |       0.002 |      0.015 |
| Vccaux    |       1.800 |     0.018 |       0.000 |      0.018 |
| Vcco33    |       3.300 |     0.005 |       0.001 |      0.004 |
| Vcco25    |       2.500 |     0.000 |       0.000 |      0.000 |
| Vcco18    |       1.800 |     0.000 |       0.000 |      0.000 |
| Vcco15    |       1.500 |     0.000 |       0.000 |      0.000 |
| Vcco135   |       1.350 |     0.000 |       0.000 |      0.000 |
| Vcco12    |       1.200 |     0.000 |       0.000 |      0.000 |
| Vccaux_io |       1.800 |     0.000 |       0.000 |      0.000 |
| Vccbram   |       1.000 |     0.000 |       0.000 |      0.000 |
| MGTAVcc   |       1.000 |     0.000 |       0.000 |      0.000 |
| MGTAVtt   |       1.200 |     0.000 |       0.000 |      0.000 |
| Vccadc    |       1.800 |     0.020 |       0.000 |      0.020 |
+-----------+-------------+-----------+-------------+------------+


1.3 Confidence Level
--------------------

+-----------------------------+------------+------------------------------------------------+------------------------------------------------------------------------------------------------------------+
| User Input Data             | Confidence | Details                                        | Action                                                                                                     |
+-----------------------------+------------+------------------------------------------------+------------------------------------------------------------------------------------------------------------+
| Design implementation state | High       | Design is routed                               |                                                                                                            |
| Clock nodes activity        | High       | User specified more than 95% of clocks         |                                                                                                            |
| I/O nodes activity          | High       | User specified more than 95% of inputs         |                                                                                                            |
| Internal nodes activity     | Medium     | User specified less than 25% of internal nodes | Provide missing internal nodes activity with simulation results or by editing the "By Resource Type" views |
| Device models               | High       | Device models are Production                   |                                                                                                            |
|                             |            |                                                |                                                                                                            |
| Overall confidence level    | Medium     |                                                |                                                                                                            |
+-----------------------------+------------+------------------------------------------------+------------------------------------------------------------------------------------------------------------+


2. Settings
-----------

2.1 Environment
---------------

+-----------------------+--------------------------+
| Ambient Temp (C)      | 25.0                     |
| ThetaJA (C/W)         | 4.6                      |
| Airflow (LFM)         | 250                      |
| Heat Sink             | medium (Medium Profile)  |
| ThetaSA (C/W)         | 4.6                      |
| Board Selection       | medium (10"x10")         |
| # of Board Layers     | 12to15 (12 to 15 Layers) |
| Board Temperature (C) | 25.0                     |
+-----------------------+--------------------------+


2.2 Clock Constraints
---------------------

+-------------+--------+-----------------+
| Clock       | Domain | Constraint (ns) |
+-------------+--------+-----------------+
| sys_clk_pin | clk    |            10.0 |
+-------------+--------+-----------------+


3. Detailed Reports
-------------------

3.1 By Hierarchy
----------------

+------------------------------------------------+-----------+
| Name                                           | Power (W) |
+------------------------------------------------+-----------+
| ex3_top_wrapper                                |     0.006 |
|   ex3_top_i                                    |     0.002 |
|     blk_mem_gen_0                              |     0.001 |
|       U0                                       |     0.001 |
|         inst_blk_mem_gen                       |     0.001 |
|           gnbram.gnativebmg.native_blk_mem_gen |     0.001 |
|             valid.cstr                         |     0.001 |
|               ramloop[0].ram.r                 |     0.001 |
|                 prim_init.ram                  |     0.001 |
|     c_addsub_0                                 |    <0.001 |
|       U0                                       |    <0.001 |
|         xst_addsub                             |    <0.001 |
|           i_baseblox.i_baseblox_addsub         |    <0.001 |
|             no_pipelining.the_addsub           |    <0.001 |
|               i_lut6.i_lut6_addsub             |    <0.001 |
|     concat_memory_0                            |    <0.001 |
|       U0                                       |    <0.001 |
|     max_0                                      |    <0.001 |
|       U0                                       |    <0.001 |
|     xlconcat_0                                 |     0.000 |
+------------------------------------------------+-----------+


