Copyright 1986-2016 Xilinx, Inc. All Rights Reserved.
--------------------------------------------------------------------------------------------
| Tool Version : Vivado v.2016.4 (win64) Build 1756540 Mon Jan 23 19:11:23 MST 2017
| Date         : Tue Apr 04 15:34:40 2017
| Host         : Inator running 64-bit major release  (build 9200)
| Command      : report_control_sets -verbose -file ex1_top_wrapper_control_sets_placed.rpt
| Design       : ex1_top_wrapper
| Device       : xc7a100t
--------------------------------------------------------------------------------------------

Control Set Information

Table of Contents
-----------------
1. Summary
2. Flip-Flop Distribution
3. Detailed Control Set Information

1. Summary
----------

+----------------------------------------------------------+-------+
|                          Status                          | Count |
+----------------------------------------------------------+-------+
| Number of unique control sets                            |     4 |
| Unused register locations in slices containing registers |    12 |
+----------------------------------------------------------+-------+


2. Flip-Flop Distribution
-------------------------

+--------------+-----------------------+------------------------+-----------------+--------------+
| Clock Enable | Synchronous Set/Reset | Asynchronous Set/Reset | Total Registers | Total Slices |
+--------------+-----------------------+------------------------+-----------------+--------------+
| No           | No                    | No                     |              80 |           21 |
| No           | No                    | Yes                    |               0 |            0 |
| No           | Yes                   | No                     |               0 |            0 |
| Yes          | No                    | No                     |              36 |           11 |
| Yes          | No                    | Yes                    |               0 |            0 |
| Yes          | Yes                   | No                     |               0 |            0 |
+--------------+-----------------------+------------------------+-----------------+--------------+


3. Detailed Control Set Information
-----------------------------------

+------------------------------------+------------------------------------------------+------------------+------------------+----------------+
|            Clock Signal            |                  Enable Signal                 | Set/Reset Signal | Slice Load Count | Bel Load Count |
+------------------------------------+------------------------------------------------+------------------+------------------+----------------+
|  ex1_top_i/ClkDividerN_0/U0/clkOut |                                                |                  |                1 |              4 |
|  clk_IBUF_BUFG                     | ex1_top_i/BinToBCD16_0/U0/int_rg_c[15]_i_1_n_0 |                  |                4 |             16 |
|  clk_IBUF_BUFG                     | ex1_top_i/BinToBCD16_0/U0/get_outputs          |                  |                7 |             20 |
|  clk_IBUF_BUFG                     |                                                |                  |               20 |             76 |
+------------------------------------+------------------------------------------------+------------------+------------------+----------------+


+--------+-----------------------+
| Fanout | Number of ControlSets |
+--------+-----------------------+
| 4      |                     1 |
| 16+    |                     3 |
+--------+-----------------------+


