Copyright 1986-2016 Xilinx, Inc. All Rights Reserved.
-----------------------------------------------------------------------------------------------------------------------------
| Tool Version : Vivado v.2016.4 (win64) Build 1756540 Mon Jan 23 19:11:23 MST 2017
| Date         : Fri Mar 24 10:47:03 2017
| Host         : Inator running 64-bit major release  (build 9200)
| Command      : report_methodology -file max_min_FSM_methodology_drc_routed.rpt -rpx max_min_FSM_methodology_drc_routed.rpx
| Design       : max_min_FSM
| Device       : xc7a100tcsg324-3
| Speed File   : -3
| Design State : Routed
-----------------------------------------------------------------------------------------------------------------------------

Report Methodology

Table of Contents
-----------------
1. REPORT SUMMARY
2. REPORT DETAILS

1. REPORT SUMMARY
-----------------
            Netlist: netlist
          Floorplan: design_1
      Design limits: <entire design considered>
             Max violations: <unlimited>
             Violations found: 106
+-----------+----------+-------------------------------+------------+
| Rule      | Severity | Description                   | Violations |
+-----------+----------+-------------------------------+------------+
| TIMING-18 | Warning  | Missing input or output delay | 106        |
+-----------+----------+-------------------------------+------------+

2. REPORT DETAILS
-----------------
TIMING-18#1 Warning
Missing input or output delay  
An input delay is missing on datain[0] relative to clock(s) sys_clk_pin 
Related violations: <none>

TIMING-18#2 Warning
Missing input or output delay  
An input delay is missing on datain[10] relative to clock(s) sys_clk_pin 
Related violations: <none>

TIMING-18#3 Warning
Missing input or output delay  
An input delay is missing on datain[11] relative to clock(s) sys_clk_pin 
Related violations: <none>

TIMING-18#4 Warning
Missing input or output delay  
An input delay is missing on datain[12] relative to clock(s) sys_clk_pin 
Related violations: <none>

TIMING-18#5 Warning
Missing input or output delay  
An input delay is missing on datain[13] relative to clock(s) sys_clk_pin 
Related violations: <none>

TIMING-18#6 Warning
Missing input or output delay  
An input delay is missing on datain[14] relative to clock(s) sys_clk_pin 
Related violations: <none>

TIMING-18#7 Warning
Missing input or output delay  
An input delay is missing on datain[15] relative to clock(s) sys_clk_pin 
Related violations: <none>

TIMING-18#8 Warning
Missing input or output delay  
An input delay is missing on datain[16] relative to clock(s) sys_clk_pin 
Related violations: <none>

TIMING-18#9 Warning
Missing input or output delay  
An input delay is missing on datain[17] relative to clock(s) sys_clk_pin 
Related violations: <none>

TIMING-18#10 Warning
Missing input or output delay  
An input delay is missing on datain[18] relative to clock(s) sys_clk_pin 
Related violations: <none>

TIMING-18#11 Warning
Missing input or output delay  
An input delay is missing on datain[19] relative to clock(s) sys_clk_pin 
Related violations: <none>

TIMING-18#12 Warning
Missing input or output delay  
An input delay is missing on datain[1] relative to clock(s) sys_clk_pin 
Related violations: <none>

TIMING-18#13 Warning
Missing input or output delay  
An input delay is missing on datain[20] relative to clock(s) sys_clk_pin 
Related violations: <none>

TIMING-18#14 Warning
Missing input or output delay  
An input delay is missing on datain[21] relative to clock(s) sys_clk_pin 
Related violations: <none>

TIMING-18#15 Warning
Missing input or output delay  
An input delay is missing on datain[22] relative to clock(s) sys_clk_pin 
Related violations: <none>

TIMING-18#16 Warning
Missing input or output delay  
An input delay is missing on datain[23] relative to clock(s) sys_clk_pin 
Related violations: <none>

TIMING-18#17 Warning
Missing input or output delay  
An input delay is missing on datain[24] relative to clock(s) sys_clk_pin 
Related violations: <none>

TIMING-18#18 Warning
Missing input or output delay  
An input delay is missing on datain[25] relative to clock(s) sys_clk_pin 
Related violations: <none>

TIMING-18#19 Warning
Missing input or output delay  
An input delay is missing on datain[26] relative to clock(s) sys_clk_pin 
Related violations: <none>

TIMING-18#20 Warning
Missing input or output delay  
An input delay is missing on datain[27] relative to clock(s) sys_clk_pin 
Related violations: <none>

TIMING-18#21 Warning
Missing input or output delay  
An input delay is missing on datain[28] relative to clock(s) sys_clk_pin 
Related violations: <none>

TIMING-18#22 Warning
Missing input or output delay  
An input delay is missing on datain[29] relative to clock(s) sys_clk_pin 
Related violations: <none>

TIMING-18#23 Warning
Missing input or output delay  
An input delay is missing on datain[2] relative to clock(s) sys_clk_pin 
Related violations: <none>

TIMING-18#24 Warning
Missing input or output delay  
An input delay is missing on datain[30] relative to clock(s) sys_clk_pin 
Related violations: <none>

TIMING-18#25 Warning
Missing input or output delay  
An input delay is missing on datain[31] relative to clock(s) sys_clk_pin 
Related violations: <none>

TIMING-18#26 Warning
Missing input or output delay  
An input delay is missing on datain[3] relative to clock(s) sys_clk_pin 
Related violations: <none>

TIMING-18#27 Warning
Missing input or output delay  
An input delay is missing on datain[4] relative to clock(s) sys_clk_pin 
Related violations: <none>

TIMING-18#28 Warning
Missing input or output delay  
An input delay is missing on datain[5] relative to clock(s) sys_clk_pin 
Related violations: <none>

TIMING-18#29 Warning
Missing input or output delay  
An input delay is missing on datain[6] relative to clock(s) sys_clk_pin 
Related violations: <none>

TIMING-18#30 Warning
Missing input or output delay  
An input delay is missing on datain[7] relative to clock(s) sys_clk_pin 
Related violations: <none>

TIMING-18#31 Warning
Missing input or output delay  
An input delay is missing on datain[8] relative to clock(s) sys_clk_pin 
Related violations: <none>

TIMING-18#32 Warning
Missing input or output delay  
An input delay is missing on datain[9] relative to clock(s) sys_clk_pin 
Related violations: <none>

TIMING-18#33 Warning
Missing input or output delay  
An input delay is missing on reset relative to clock(s) sys_clk_pin 
Related violations: <none>

TIMING-18#34 Warning
Missing input or output delay  
An output delay is missing on address[0] relative to clock(s) sys_clk_pin 
Related violations: <none>

TIMING-18#35 Warning
Missing input or output delay  
An output delay is missing on address[1] relative to clock(s) sys_clk_pin 
Related violations: <none>

TIMING-18#36 Warning
Missing input or output delay  
An output delay is missing on address[2] relative to clock(s) sys_clk_pin 
Related violations: <none>

TIMING-18#37 Warning
Missing input or output delay  
An output delay is missing on address[3] relative to clock(s) sys_clk_pin 
Related violations: <none>

TIMING-18#38 Warning
Missing input or output delay  
An output delay is missing on address[4] relative to clock(s) sys_clk_pin 
Related violations: <none>

TIMING-18#39 Warning
Missing input or output delay  
An output delay is missing on address[5] relative to clock(s) sys_clk_pin 
Related violations: <none>

TIMING-18#40 Warning
Missing input or output delay  
An output delay is missing on address[6] relative to clock(s) sys_clk_pin 
Related violations: <none>

TIMING-18#41 Warning
Missing input or output delay  
An output delay is missing on address[7] relative to clock(s) sys_clk_pin 
Related violations: <none>

TIMING-18#42 Warning
Missing input or output delay  
An output delay is missing on address[8] relative to clock(s) sys_clk_pin 
Related violations: <none>

TIMING-18#43 Warning
Missing input or output delay  
An output delay is missing on dataMax[0] relative to clock(s) sys_clk_pin 
Related violations: <none>

TIMING-18#44 Warning
Missing input or output delay  
An output delay is missing on dataMax[10] relative to clock(s) sys_clk_pin 
Related violations: <none>

TIMING-18#45 Warning
Missing input or output delay  
An output delay is missing on dataMax[11] relative to clock(s) sys_clk_pin 
Related violations: <none>

TIMING-18#46 Warning
Missing input or output delay  
An output delay is missing on dataMax[12] relative to clock(s) sys_clk_pin 
Related violations: <none>

TIMING-18#47 Warning
Missing input or output delay  
An output delay is missing on dataMax[13] relative to clock(s) sys_clk_pin 
Related violations: <none>

TIMING-18#48 Warning
Missing input or output delay  
An output delay is missing on dataMax[14] relative to clock(s) sys_clk_pin 
Related violations: <none>

TIMING-18#49 Warning
Missing input or output delay  
An output delay is missing on dataMax[15] relative to clock(s) sys_clk_pin 
Related violations: <none>

TIMING-18#50 Warning
Missing input or output delay  
An output delay is missing on dataMax[16] relative to clock(s) sys_clk_pin 
Related violations: <none>

TIMING-18#51 Warning
Missing input or output delay  
An output delay is missing on dataMax[17] relative to clock(s) sys_clk_pin 
Related violations: <none>

TIMING-18#52 Warning
Missing input or output delay  
An output delay is missing on dataMax[18] relative to clock(s) sys_clk_pin 
Related violations: <none>

TIMING-18#53 Warning
Missing input or output delay  
An output delay is missing on dataMax[19] relative to clock(s) sys_clk_pin 
Related violations: <none>

TIMING-18#54 Warning
Missing input or output delay  
An output delay is missing on dataMax[1] relative to clock(s) sys_clk_pin 
Related violations: <none>

TIMING-18#55 Warning
Missing input or output delay  
An output delay is missing on dataMax[20] relative to clock(s) sys_clk_pin 
Related violations: <none>

TIMING-18#56 Warning
Missing input or output delay  
An output delay is missing on dataMax[21] relative to clock(s) sys_clk_pin 
Related violations: <none>

TIMING-18#57 Warning
Missing input or output delay  
An output delay is missing on dataMax[22] relative to clock(s) sys_clk_pin 
Related violations: <none>

TIMING-18#58 Warning
Missing input or output delay  
An output delay is missing on dataMax[23] relative to clock(s) sys_clk_pin 
Related violations: <none>

TIMING-18#59 Warning
Missing input or output delay  
An output delay is missing on dataMax[24] relative to clock(s) sys_clk_pin 
Related violations: <none>

TIMING-18#60 Warning
Missing input or output delay  
An output delay is missing on dataMax[25] relative to clock(s) sys_clk_pin 
Related violations: <none>

TIMING-18#61 Warning
Missing input or output delay  
An output delay is missing on dataMax[26] relative to clock(s) sys_clk_pin 
Related violations: <none>

TIMING-18#62 Warning
Missing input or output delay  
An output delay is missing on dataMax[27] relative to clock(s) sys_clk_pin 
Related violations: <none>

TIMING-18#63 Warning
Missing input or output delay  
An output delay is missing on dataMax[28] relative to clock(s) sys_clk_pin 
Related violations: <none>

TIMING-18#64 Warning
Missing input or output delay  
An output delay is missing on dataMax[29] relative to clock(s) sys_clk_pin 
Related violations: <none>

TIMING-18#65 Warning
Missing input or output delay  
An output delay is missing on dataMax[2] relative to clock(s) sys_clk_pin 
Related violations: <none>

TIMING-18#66 Warning
Missing input or output delay  
An output delay is missing on dataMax[30] relative to clock(s) sys_clk_pin 
Related violations: <none>

TIMING-18#67 Warning
Missing input or output delay  
An output delay is missing on dataMax[31] relative to clock(s) sys_clk_pin 
Related violations: <none>

TIMING-18#68 Warning
Missing input or output delay  
An output delay is missing on dataMax[3] relative to clock(s) sys_clk_pin 
Related violations: <none>

TIMING-18#69 Warning
Missing input or output delay  
An output delay is missing on dataMax[4] relative to clock(s) sys_clk_pin 
Related violations: <none>

TIMING-18#70 Warning
Missing input or output delay  
An output delay is missing on dataMax[5] relative to clock(s) sys_clk_pin 
Related violations: <none>

TIMING-18#71 Warning
Missing input or output delay  
An output delay is missing on dataMax[6] relative to clock(s) sys_clk_pin 
Related violations: <none>

TIMING-18#72 Warning
Missing input or output delay  
An output delay is missing on dataMax[7] relative to clock(s) sys_clk_pin 
Related violations: <none>

TIMING-18#73 Warning
Missing input or output delay  
An output delay is missing on dataMax[8] relative to clock(s) sys_clk_pin 
Related violations: <none>

TIMING-18#74 Warning
Missing input or output delay  
An output delay is missing on dataMax[9] relative to clock(s) sys_clk_pin 
Related violations: <none>

TIMING-18#75 Warning
Missing input or output delay  
An output delay is missing on dataMin[0] relative to clock(s) sys_clk_pin 
Related violations: <none>

TIMING-18#76 Warning
Missing input or output delay  
An output delay is missing on dataMin[10] relative to clock(s) sys_clk_pin 
Related violations: <none>

TIMING-18#77 Warning
Missing input or output delay  
An output delay is missing on dataMin[11] relative to clock(s) sys_clk_pin 
Related violations: <none>

TIMING-18#78 Warning
Missing input or output delay  
An output delay is missing on dataMin[12] relative to clock(s) sys_clk_pin 
Related violations: <none>

TIMING-18#79 Warning
Missing input or output delay  
An output delay is missing on dataMin[13] relative to clock(s) sys_clk_pin 
Related violations: <none>

TIMING-18#80 Warning
Missing input or output delay  
An output delay is missing on dataMin[14] relative to clock(s) sys_clk_pin 
Related violations: <none>

TIMING-18#81 Warning
Missing input or output delay  
An output delay is missing on dataMin[15] relative to clock(s) sys_clk_pin 
Related violations: <none>

TIMING-18#82 Warning
Missing input or output delay  
An output delay is missing on dataMin[16] relative to clock(s) sys_clk_pin 
Related violations: <none>

TIMING-18#83 Warning
Missing input or output delay  
An output delay is missing on dataMin[17] relative to clock(s) sys_clk_pin 
Related violations: <none>

TIMING-18#84 Warning
Missing input or output delay  
An output delay is missing on dataMin[18] relative to clock(s) sys_clk_pin 
Related violations: <none>

TIMING-18#85 Warning
Missing input or output delay  
An output delay is missing on dataMin[19] relative to clock(s) sys_clk_pin 
Related violations: <none>

TIMING-18#86 Warning
Missing input or output delay  
An output delay is missing on dataMin[1] relative to clock(s) sys_clk_pin 
Related violations: <none>

TIMING-18#87 Warning
Missing input or output delay  
An output delay is missing on dataMin[20] relative to clock(s) sys_clk_pin 
Related violations: <none>

TIMING-18#88 Warning
Missing input or output delay  
An output delay is missing on dataMin[21] relative to clock(s) sys_clk_pin 
Related violations: <none>

TIMING-18#89 Warning
Missing input or output delay  
An output delay is missing on dataMin[22] relative to clock(s) sys_clk_pin 
Related violations: <none>

TIMING-18#90 Warning
Missing input or output delay  
An output delay is missing on dataMin[23] relative to clock(s) sys_clk_pin 
Related violations: <none>

TIMING-18#91 Warning
Missing input or output delay  
An output delay is missing on dataMin[24] relative to clock(s) sys_clk_pin 
Related violations: <none>

TIMING-18#92 Warning
Missing input or output delay  
An output delay is missing on dataMin[25] relative to clock(s) sys_clk_pin 
Related violations: <none>

TIMING-18#93 Warning
Missing input or output delay  
An output delay is missing on dataMin[26] relative to clock(s) sys_clk_pin 
Related violations: <none>

TIMING-18#94 Warning
Missing input or output delay  
An output delay is missing on dataMin[27] relative to clock(s) sys_clk_pin 
Related violations: <none>

TIMING-18#95 Warning
Missing input or output delay  
An output delay is missing on dataMin[28] relative to clock(s) sys_clk_pin 
Related violations: <none>

TIMING-18#96 Warning
Missing input or output delay  
An output delay is missing on dataMin[29] relative to clock(s) sys_clk_pin 
Related violations: <none>

TIMING-18#97 Warning
Missing input or output delay  
An output delay is missing on dataMin[2] relative to clock(s) sys_clk_pin 
Related violations: <none>

TIMING-18#98 Warning
Missing input or output delay  
An output delay is missing on dataMin[30] relative to clock(s) sys_clk_pin 
Related violations: <none>

TIMING-18#99 Warning
Missing input or output delay  
An output delay is missing on dataMin[31] relative to clock(s) sys_clk_pin 
Related violations: <none>

TIMING-18#100 Warning
Missing input or output delay  
An output delay is missing on dataMin[3] relative to clock(s) sys_clk_pin 
Related violations: <none>

TIMING-18#101 Warning
Missing input or output delay  
An output delay is missing on dataMin[4] relative to clock(s) sys_clk_pin 
Related violations: <none>

TIMING-18#102 Warning
Missing input or output delay  
An output delay is missing on dataMin[5] relative to clock(s) sys_clk_pin 
Related violations: <none>

TIMING-18#103 Warning
Missing input or output delay  
An output delay is missing on dataMin[6] relative to clock(s) sys_clk_pin 
Related violations: <none>

TIMING-18#104 Warning
Missing input or output delay  
An output delay is missing on dataMin[7] relative to clock(s) sys_clk_pin 
Related violations: <none>

TIMING-18#105 Warning
Missing input or output delay  
An output delay is missing on dataMin[8] relative to clock(s) sys_clk_pin 
Related violations: <none>

TIMING-18#106 Warning
Missing input or output delay  
An output delay is missing on dataMin[9] relative to clock(s) sys_clk_pin 
Related violations: <none>


