Copyright 1986-2016 Xilinx, Inc. All Rights Reserved.
------------------------------------------------------------------------------------
| Tool Version : Vivado v.2016.4 (win64) Build 1756540 Mon Jan 23 19:11:23 MST 2017
| Date         : Thu Mar 02 10:19:19 2017
| Host         : Inator running 64-bit major release  (build 9200)
| Command      : report_control_sets -verbose -file ex4_control_sets_placed.rpt
| Design       : ex4
| Device       : xc7a100t
------------------------------------------------------------------------------------

Control Set Information

Table of Contents
-----------------
1. Summary
2. Flip-Flop Distribution
3. Detailed Control Set Information

1. Summary
----------

+----------------------------------------------------------+-------+
|                          Status                          | Count |
+----------------------------------------------------------+-------+
| Number of unique control sets                            |     3 |
| Unused register locations in slices containing registers |    16 |
+----------------------------------------------------------+-------+


2. Flip-Flop Distribution
-------------------------

+--------------+-----------------------+------------------------+-----------------+--------------+
| Clock Enable | Synchronous Set/Reset | Asynchronous Set/Reset | Total Registers | Total Slices |
+--------------+-----------------------+------------------------+-----------------+--------------+
| No           | No                    | No                     |               1 |            1 |
| No           | No                    | Yes                    |               0 |            0 |
| No           | Yes                   | No                     |              30 |            8 |
| Yes          | No                    | No                     |               1 |            1 |
| Yes          | No                    | Yes                    |               0 |            0 |
| Yes          | Yes                   | No                     |               0 |            0 |
+--------------+-----------------------+------------------------+-----------------+--------------+


3. Detailed Control Set Information
-----------------------------------

+----------------+------------------------+----------------------------------+------------------+----------------+
|  Clock Signal  |      Enable Signal     |         Set/Reset Signal         | Slice Load Count | Bel Load Count |
+----------------+------------------------+----------------------------------+------------------+----------------+
|  clk_IBUF_BUFG |                        |                                  |                1 |              1 |
|  clk_IBUF_BUFG | clk_dvr/clkOut_i_1_n_0 |                                  |                1 |              1 |
|  clk_IBUF_BUFG |                        | clk_dvr/s_divCounter[30]_i_1_n_0 |                8 |             30 |
+----------------+------------------------+----------------------------------+------------------+----------------+


+--------+-----------------------+
| Fanout | Number of ControlSets |
+--------+-----------------------+
| 1      |                     2 |
| 16+    |                     1 |
+--------+-----------------------+


