Copyright 1986-2016 Xilinx, Inc. All Rights Reserved.
-----------------------------------------------------------------------------------------------------------------------------------------------
| Tool Version : Vivado v.2016.4 (win64) Build 1756540 Mon Jan 23 19:11:23 MST 2017
| Date         : Thu Mar 02 10:19:54 2017
| Host         : Inator running 64-bit major release  (build 9200)
| Command      : report_timing_summary -warn_on_violation -max_paths 10 -file ex4_timing_summary_routed.rpt -rpx ex4_timing_summary_routed.rpx
| Design       : ex4
| Device       : 7a100t-csg324
| Speed File   : -3  PRODUCTION 1.16 2016-11-09
-----------------------------------------------------------------------------------------------------------------------------------------------

Timing Summary Report

------------------------------------------------------------------------------------------------
| Timer Settings
| --------------
------------------------------------------------------------------------------------------------

  Enable Multi Corner Analysis               :  Yes
  Enable Pessimism Removal                   :  Yes
  Pessimism Removal Resolution               :  Nearest Common Node
  Enable Input Delay Default Clock           :  No
  Enable Preset / Clear Arcs                 :  No
  Disable Flight Delays                      :  No
  Ignore I/O Paths                           :  No
  Timing Early Launch at Borrowing Latches   :  false

  Corner  Analyze    Analyze    
  Name    Max Paths  Min Paths  
  ------  ---------  ---------  
  Slow    Yes        Yes        
  Fast    Yes        Yes        



check_timing report

Table of Contents
-----------------
1. checking no_clock
2. checking constant_clock
3. checking pulse_width_clock
4. checking unconstrained_internal_endpoints
5. checking no_input_delay
6. checking no_output_delay
7. checking multiple_clock
8. checking generated_clocks
9. checking loops
10. checking partial_input_delay
11. checking partial_output_delay
12. checking latch_loops

1. checking no_clock
--------------------
 There are 0 register/latch pins with no clock.


2. checking constant_clock
--------------------------
 There are 0 register/latch pins with constant_clock.


3. checking pulse_width_clock
-----------------------------
 There are 0 register/latch pins which need pulse_width check


4. checking unconstrained_internal_endpoints
--------------------------------------------
 There are 0 pins that are not constrained for maximum delay.

 There are 0 pins that are not constrained for maximum delay due to constant clock.


5. checking no_input_delay
--------------------------
 There are 0 input ports with no input delay specified.

 There are 0 input ports with no input delay but user has a false path constraint.


6. checking no_output_delay
---------------------------
 There is 1 port with no output delay specified. (HIGH)

 There are 0 ports with no output delay but user has a false path constraint

 There are 0 ports with no output delay but with a timing clock defined on it or propagating through it


7. checking multiple_clock
--------------------------
 There are 0 register/latch pins with multiple clocks.


8. checking generated_clocks
----------------------------
 There are 0 generated clocks that are not connected to a clock source.


9. checking loops
-----------------
 There are 0 combinational loops in the design.


10. checking partial_input_delay
--------------------------------
 There are 0 input ports with partial input delay specified.


11. checking partial_output_delay
---------------------------------
 There are 0 ports with partial output delay specified.


12. checking latch_loops
------------------------
 There are 0 combinational latch loops in the design through latch input



------------------------------------------------------------------------------------------------
| Design Timing Summary
| ---------------------
------------------------------------------------------------------------------------------------

    WNS(ns)      TNS(ns)  TNS Failing Endpoints  TNS Total Endpoints      WHS(ns)      THS(ns)  THS Failing Endpoints  THS Total Endpoints     WPWS(ns)     TPWS(ns)  TPWS Failing Endpoints  TPWS Total Endpoints  
    -------      -------  ---------------------  -------------------      -------      -------  ---------------------  -------------------     --------     --------  ----------------------  --------------------  
      6.092        0.000                      0                   63        0.238        0.000                      0                   63        4.500        0.000                       0                    33  


All user specified timing constraints are met.


------------------------------------------------------------------------------------------------
| Clock Summary
| -------------
------------------------------------------------------------------------------------------------

Clock        Waveform(ns)       Period(ns)      Frequency(MHz)
-----        ------------       ----------      --------------
sys_clk_pin  {0.000 5.000}      10.000          100.000         


------------------------------------------------------------------------------------------------
| Intra Clock Table
| -----------------
------------------------------------------------------------------------------------------------

Clock             WNS(ns)      TNS(ns)  TNS Failing Endpoints  TNS Total Endpoints      WHS(ns)      THS(ns)  THS Failing Endpoints  THS Total Endpoints     WPWS(ns)     TPWS(ns)  TPWS Failing Endpoints  TPWS Total Endpoints  
-----             -------      -------  ---------------------  -------------------      -------      -------  ---------------------  -------------------     --------     --------  ----------------------  --------------------  
sys_clk_pin         6.092        0.000                      0                   63        0.238        0.000                      0                   63        4.500        0.000                       0                    33  


------------------------------------------------------------------------------------------------
| Inter Clock Table
| -----------------
------------------------------------------------------------------------------------------------

From Clock    To Clock          WNS(ns)      TNS(ns)  TNS Failing Endpoints  TNS Total Endpoints      WHS(ns)      THS(ns)  THS Failing Endpoints  THS Total Endpoints  
----------    --------          -------      -------  ---------------------  -------------------      -------      -------  ---------------------  -------------------  


------------------------------------------------------------------------------------------------
| Other Path Groups Table
| -----------------------
------------------------------------------------------------------------------------------------

Path Group    From Clock    To Clock          WNS(ns)      TNS(ns)  TNS Failing Endpoints  TNS Total Endpoints      WHS(ns)      THS(ns)  THS Failing Endpoints  THS Total Endpoints  
----------    ----------    --------          -------      -------  ---------------------  -------------------      -------      -------  ---------------------  -------------------  


------------------------------------------------------------------------------------------------
| Timing Details
| --------------
------------------------------------------------------------------------------------------------


---------------------------------------------------------------------------------------------------
From Clock:  sys_clk_pin
  To Clock:  sys_clk_pin

Setup :            0  Failing Endpoints,  Worst Slack        6.092ns,  Total Violation        0.000ns
Hold  :            0  Failing Endpoints,  Worst Slack        0.238ns,  Total Violation        0.000ns
PW    :            0  Failing Endpoints,  Worst Slack        4.500ns,  Total Violation        0.000ns
---------------------------------------------------------------------------------------------------


Max Delay Paths
--------------------------------------------------------------------------------------
Slack (MET) :             6.092ns  (required time - arrival time)
  Source:                 clk_dvr/s_divCounter_reg[28]/C
                            (rising edge-triggered cell FDRE clocked by sys_clk_pin  {rise@0.000ns fall@5.000ns period=10.000ns})
  Destination:            clk_dvr/s_divCounter_reg[1]/R
                            (rising edge-triggered cell FDRE clocked by sys_clk_pin  {rise@0.000ns fall@5.000ns period=10.000ns})
  Path Group:             sys_clk_pin
  Path Type:              Setup (Max at Slow Process Corner)
  Requirement:            10.000ns  (sys_clk_pin rise@10.000ns - sys_clk_pin rise@0.000ns)
  Data Path Delay:        3.475ns  (logic 0.684ns (19.684%)  route 2.791ns (80.316%))
  Logic Levels:           3  (LUT4=2 LUT6=1)
  Clock Path Skew:        -0.025ns (DCD - SCD + CPR)
    Destination Clock Delay (DCD):    4.003ns = ( 14.003 - 10.000 ) 
    Source Clock Delay      (SCD):    4.259ns
    Clock Pessimism Removal (CPR):    0.231ns
  Clock Uncertainty:      0.035ns  ((TSJ^2 + TIJ^2)^1/2 + DJ) / 2 + PE
    Total System Jitter     (TSJ):    0.071ns
    Total Input Jitter      (TIJ):    0.000ns
    Discrete Jitter          (DJ):    0.000ns
    Phase Error              (PE):    0.000ns

    Location             Delay type                Incr(ns)  Path(ns)    Netlist Resource(s)
  -------------------------------------------------------------------    -------------------
                         (clock sys_clk_pin rise edge)
                                                      0.000     0.000 r  
    E3                                                0.000     0.000 r  clk (IN)
                         net (fo=0)                   0.000     0.000    clk
    E3                   IBUF (Prop_ibuf_I_O)         1.330     1.330 r  clk_IBUF_inst/O
                         net (fo=1, routed)           1.525     2.855    clk_IBUF
    BUFGCTRL_X0Y16       BUFG (Prop_bufg_I_O)         0.076     2.931 r  clk_IBUF_BUFG_inst/O
                         net (fo=32, routed)          1.328     4.259    clk_dvr/clk_IBUF_BUFG
    SLICE_X88Y56         FDRE                                         r  clk_dvr/s_divCounter_reg[28]/C
  -------------------------------------------------------------------    -------------------
    SLICE_X88Y56         FDRE (Prop_fdre_C_Q)         0.393     4.652 f  clk_dvr/s_divCounter_reg[28]/Q
                         net (fo=2, routed)           0.734     5.385    clk_dvr/s_divCounter[28]
    SLICE_X89Y56         LUT4 (Prop_lut4_I2_O)        0.097     5.482 f  clk_dvr/s_divCounter[30]_i_6/O
                         net (fo=1, routed)           0.846     6.329    clk_dvr/s_divCounter[30]_i_6_n_0
    SLICE_X89Y52         LUT6 (Prop_lut6_I2_O)        0.097     6.426 f  clk_dvr/s_divCounter[30]_i_2/O
                         net (fo=3, routed)           0.504     6.929    clk_dvr/s_divCounter[30]_i_2_n_0
    SLICE_X89Y53         LUT4 (Prop_lut4_I2_O)        0.097     7.026 r  clk_dvr/s_divCounter[30]_i_1/O
                         net (fo=30, routed)          0.707     7.733    clk_dvr/s_divCounter[30]_i_1_n_0
    SLICE_X88Y50         FDRE                                         r  clk_dvr/s_divCounter_reg[1]/R
  -------------------------------------------------------------------    -------------------

                         (clock sys_clk_pin rise edge)
                                                     10.000    10.000 r  
    E3                                                0.000    10.000 r  clk (IN)
                         net (fo=0)                   0.000    10.000    clk
    E3                   IBUF (Prop_ibuf_I_O)         1.263    11.263 r  clk_IBUF_inst/O
                         net (fo=1, routed)           1.443    12.706    clk_IBUF
    BUFGCTRL_X0Y16       BUFG (Prop_bufg_I_O)         0.072    12.778 r  clk_IBUF_BUFG_inst/O
                         net (fo=32, routed)          1.225    14.003    clk_dvr/clk_IBUF_BUFG
    SLICE_X88Y50         FDRE                                         r  clk_dvr/s_divCounter_reg[1]/C
                         clock pessimism              0.231    14.234    
                         clock uncertainty           -0.035    14.198    
    SLICE_X88Y50         FDRE (Setup_fdre_C_R)       -0.373    13.825    clk_dvr/s_divCounter_reg[1]
  -------------------------------------------------------------------
                         required time                         13.825    
                         arrival time                          -7.733    
  -------------------------------------------------------------------
                         slack                                  6.092    

Slack (MET) :             6.092ns  (required time - arrival time)
  Source:                 clk_dvr/s_divCounter_reg[28]/C
                            (rising edge-triggered cell FDRE clocked by sys_clk_pin  {rise@0.000ns fall@5.000ns period=10.000ns})
  Destination:            clk_dvr/s_divCounter_reg[2]/R
                            (rising edge-triggered cell FDRE clocked by sys_clk_pin  {rise@0.000ns fall@5.000ns period=10.000ns})
  Path Group:             sys_clk_pin
  Path Type:              Setup (Max at Slow Process Corner)
  Requirement:            10.000ns  (sys_clk_pin rise@10.000ns - sys_clk_pin rise@0.000ns)
  Data Path Delay:        3.475ns  (logic 0.684ns (19.684%)  route 2.791ns (80.316%))
  Logic Levels:           3  (LUT4=2 LUT6=1)
  Clock Path Skew:        -0.025ns (DCD - SCD + CPR)
    Destination Clock Delay (DCD):    4.003ns = ( 14.003 - 10.000 ) 
    Source Clock Delay      (SCD):    4.259ns
    Clock Pessimism Removal (CPR):    0.231ns
  Clock Uncertainty:      0.035ns  ((TSJ^2 + TIJ^2)^1/2 + DJ) / 2 + PE
    Total System Jitter     (TSJ):    0.071ns
    Total Input Jitter      (TIJ):    0.000ns
    Discrete Jitter          (DJ):    0.000ns
    Phase Error              (PE):    0.000ns

    Location             Delay type                Incr(ns)  Path(ns)    Netlist Resource(s)
  -------------------------------------------------------------------    -------------------
                         (clock sys_clk_pin rise edge)
                                                      0.000     0.000 r  
    E3                                                0.000     0.000 r  clk (IN)
                         net (fo=0)                   0.000     0.000    clk
    E3                   IBUF (Prop_ibuf_I_O)         1.330     1.330 r  clk_IBUF_inst/O
                         net (fo=1, routed)           1.525     2.855    clk_IBUF
    BUFGCTRL_X0Y16       BUFG (Prop_bufg_I_O)         0.076     2.931 r  clk_IBUF_BUFG_inst/O
                         net (fo=32, routed)          1.328     4.259    clk_dvr/clk_IBUF_BUFG
    SLICE_X88Y56         FDRE                                         r  clk_dvr/s_divCounter_reg[28]/C
  -------------------------------------------------------------------    -------------------
    SLICE_X88Y56         FDRE (Prop_fdre_C_Q)         0.393     4.652 f  clk_dvr/s_divCounter_reg[28]/Q
                         net (fo=2, routed)           0.734     5.385    clk_dvr/s_divCounter[28]
    SLICE_X89Y56         LUT4 (Prop_lut4_I2_O)        0.097     5.482 f  clk_dvr/s_divCounter[30]_i_6/O
                         net (fo=1, routed)           0.846     6.329    clk_dvr/s_divCounter[30]_i_6_n_0
    SLICE_X89Y52         LUT6 (Prop_lut6_I2_O)        0.097     6.426 f  clk_dvr/s_divCounter[30]_i_2/O
                         net (fo=3, routed)           0.504     6.929    clk_dvr/s_divCounter[30]_i_2_n_0
    SLICE_X89Y53         LUT4 (Prop_lut4_I2_O)        0.097     7.026 r  clk_dvr/s_divCounter[30]_i_1/O
                         net (fo=30, routed)          0.707     7.733    clk_dvr/s_divCounter[30]_i_1_n_0
    SLICE_X88Y50         FDRE                                         r  clk_dvr/s_divCounter_reg[2]/R
  -------------------------------------------------------------------    -------------------

                         (clock sys_clk_pin rise edge)
                                                     10.000    10.000 r  
    E3                                                0.000    10.000 r  clk (IN)
                         net (fo=0)                   0.000    10.000    clk
    E3                   IBUF (Prop_ibuf_I_O)         1.263    11.263 r  clk_IBUF_inst/O
                         net (fo=1, routed)           1.443    12.706    clk_IBUF
    BUFGCTRL_X0Y16       BUFG (Prop_bufg_I_O)         0.072    12.778 r  clk_IBUF_BUFG_inst/O
                         net (fo=32, routed)          1.225    14.003    clk_dvr/clk_IBUF_BUFG
    SLICE_X88Y50         FDRE                                         r  clk_dvr/s_divCounter_reg[2]/C
                         clock pessimism              0.231    14.234    
                         clock uncertainty           -0.035    14.198    
    SLICE_X88Y50         FDRE (Setup_fdre_C_R)       -0.373    13.825    clk_dvr/s_divCounter_reg[2]
  -------------------------------------------------------------------
                         required time                         13.825    
                         arrival time                          -7.733    
  -------------------------------------------------------------------
                         slack                                  6.092    

Slack (MET) :             6.092ns  (required time - arrival time)
  Source:                 clk_dvr/s_divCounter_reg[28]/C
                            (rising edge-triggered cell FDRE clocked by sys_clk_pin  {rise@0.000ns fall@5.000ns period=10.000ns})
  Destination:            clk_dvr/s_divCounter_reg[3]/R
                            (rising edge-triggered cell FDRE clocked by sys_clk_pin  {rise@0.000ns fall@5.000ns period=10.000ns})
  Path Group:             sys_clk_pin
  Path Type:              Setup (Max at Slow Process Corner)
  Requirement:            10.000ns  (sys_clk_pin rise@10.000ns - sys_clk_pin rise@0.000ns)
  Data Path Delay:        3.475ns  (logic 0.684ns (19.684%)  route 2.791ns (80.316%))
  Logic Levels:           3  (LUT4=2 LUT6=1)
  Clock Path Skew:        -0.025ns (DCD - SCD + CPR)
    Destination Clock Delay (DCD):    4.003ns = ( 14.003 - 10.000 ) 
    Source Clock Delay      (SCD):    4.259ns
    Clock Pessimism Removal (CPR):    0.231ns
  Clock Uncertainty:      0.035ns  ((TSJ^2 + TIJ^2)^1/2 + DJ) / 2 + PE
    Total System Jitter     (TSJ):    0.071ns
    Total Input Jitter      (TIJ):    0.000ns
    Discrete Jitter          (DJ):    0.000ns
    Phase Error              (PE):    0.000ns

    Location             Delay type                Incr(ns)  Path(ns)    Netlist Resource(s)
  -------------------------------------------------------------------    -------------------
                         (clock sys_clk_pin rise edge)
                                                      0.000     0.000 r  
    E3                                                0.000     0.000 r  clk (IN)
                         net (fo=0)                   0.000     0.000    clk
    E3                   IBUF (Prop_ibuf_I_O)         1.330     1.330 r  clk_IBUF_inst/O
                         net (fo=1, routed)           1.525     2.855    clk_IBUF
    BUFGCTRL_X0Y16       BUFG (Prop_bufg_I_O)         0.076     2.931 r  clk_IBUF_BUFG_inst/O
                         net (fo=32, routed)          1.328     4.259    clk_dvr/clk_IBUF_BUFG
    SLICE_X88Y56         FDRE                                         r  clk_dvr/s_divCounter_reg[28]/C
  -------------------------------------------------------------------    -------------------
    SLICE_X88Y56         FDRE (Prop_fdre_C_Q)         0.393     4.652 f  clk_dvr/s_divCounter_reg[28]/Q
                         net (fo=2, routed)           0.734     5.385    clk_dvr/s_divCounter[28]
    SLICE_X89Y56         LUT4 (Prop_lut4_I2_O)        0.097     5.482 f  clk_dvr/s_divCounter[30]_i_6/O
                         net (fo=1, routed)           0.846     6.329    clk_dvr/s_divCounter[30]_i_6_n_0
    SLICE_X89Y52         LUT6 (Prop_lut6_I2_O)        0.097     6.426 f  clk_dvr/s_divCounter[30]_i_2/O
                         net (fo=3, routed)           0.504     6.929    clk_dvr/s_divCounter[30]_i_2_n_0
    SLICE_X89Y53         LUT4 (Prop_lut4_I2_O)        0.097     7.026 r  clk_dvr/s_divCounter[30]_i_1/O
                         net (fo=30, routed)          0.707     7.733    clk_dvr/s_divCounter[30]_i_1_n_0
    SLICE_X88Y50         FDRE                                         r  clk_dvr/s_divCounter_reg[3]/R
  -------------------------------------------------------------------    -------------------

                         (clock sys_clk_pin rise edge)
                                                     10.000    10.000 r  
    E3                                                0.000    10.000 r  clk (IN)
                         net (fo=0)                   0.000    10.000    clk
    E3                   IBUF (Prop_ibuf_I_O)         1.263    11.263 r  clk_IBUF_inst/O
                         net (fo=1, routed)           1.443    12.706    clk_IBUF
    BUFGCTRL_X0Y16       BUFG (Prop_bufg_I_O)         0.072    12.778 r  clk_IBUF_BUFG_inst/O
                         net (fo=32, routed)          1.225    14.003    clk_dvr/clk_IBUF_BUFG
    SLICE_X88Y50         FDRE                                         r  clk_dvr/s_divCounter_reg[3]/C
                         clock pessimism              0.231    14.234    
                         clock uncertainty           -0.035    14.198    
    SLICE_X88Y50         FDRE (Setup_fdre_C_R)       -0.373    13.825    clk_dvr/s_divCounter_reg[3]
  -------------------------------------------------------------------
                         required time                         13.825    
                         arrival time                          -7.733    
  -------------------------------------------------------------------
                         slack                                  6.092    

Slack (MET) :             6.092ns  (required time - arrival time)
  Source:                 clk_dvr/s_divCounter_reg[28]/C
                            (rising edge-triggered cell FDRE clocked by sys_clk_pin  {rise@0.000ns fall@5.000ns period=10.000ns})
  Destination:            clk_dvr/s_divCounter_reg[4]/R
                            (rising edge-triggered cell FDRE clocked by sys_clk_pin  {rise@0.000ns fall@5.000ns period=10.000ns})
  Path Group:             sys_clk_pin
  Path Type:              Setup (Max at Slow Process Corner)
  Requirement:            10.000ns  (sys_clk_pin rise@10.000ns - sys_clk_pin rise@0.000ns)
  Data Path Delay:        3.475ns  (logic 0.684ns (19.684%)  route 2.791ns (80.316%))
  Logic Levels:           3  (LUT4=2 LUT6=1)
  Clock Path Skew:        -0.025ns (DCD - SCD + CPR)
    Destination Clock Delay (DCD):    4.003ns = ( 14.003 - 10.000 ) 
    Source Clock Delay      (SCD):    4.259ns
    Clock Pessimism Removal (CPR):    0.231ns
  Clock Uncertainty:      0.035ns  ((TSJ^2 + TIJ^2)^1/2 + DJ) / 2 + PE
    Total System Jitter     (TSJ):    0.071ns
    Total Input Jitter      (TIJ):    0.000ns
    Discrete Jitter          (DJ):    0.000ns
    Phase Error              (PE):    0.000ns

    Location             Delay type                Incr(ns)  Path(ns)    Netlist Resource(s)
  -------------------------------------------------------------------    -------------------
                         (clock sys_clk_pin rise edge)
                                                      0.000     0.000 r  
    E3                                                0.000     0.000 r  clk (IN)
                         net (fo=0)                   0.000     0.000    clk
    E3                   IBUF (Prop_ibuf_I_O)         1.330     1.330 r  clk_IBUF_inst/O
                         net (fo=1, routed)           1.525     2.855    clk_IBUF
    BUFGCTRL_X0Y16       BUFG (Prop_bufg_I_O)         0.076     2.931 r  clk_IBUF_BUFG_inst/O
                         net (fo=32, routed)          1.328     4.259    clk_dvr/clk_IBUF_BUFG
    SLICE_X88Y56         FDRE                                         r  clk_dvr/s_divCounter_reg[28]/C
  -------------------------------------------------------------------    -------------------
    SLICE_X88Y56         FDRE (Prop_fdre_C_Q)         0.393     4.652 f  clk_dvr/s_divCounter_reg[28]/Q
                         net (fo=2, routed)           0.734     5.385    clk_dvr/s_divCounter[28]
    SLICE_X89Y56         LUT4 (Prop_lut4_I2_O)        0.097     5.482 f  clk_dvr/s_divCounter[30]_i_6/O
                         net (fo=1, routed)           0.846     6.329    clk_dvr/s_divCounter[30]_i_6_n_0
    SLICE_X89Y52         LUT6 (Prop_lut6_I2_O)        0.097     6.426 f  clk_dvr/s_divCounter[30]_i_2/O
                         net (fo=3, routed)           0.504     6.929    clk_dvr/s_divCounter[30]_i_2_n_0
    SLICE_X89Y53         LUT4 (Prop_lut4_I2_O)        0.097     7.026 r  clk_dvr/s_divCounter[30]_i_1/O
                         net (fo=30, routed)          0.707     7.733    clk_dvr/s_divCounter[30]_i_1_n_0
    SLICE_X88Y50         FDRE                                         r  clk_dvr/s_divCounter_reg[4]/R
  -------------------------------------------------------------------    -------------------

                         (clock sys_clk_pin rise edge)
                                                     10.000    10.000 r  
    E3                                                0.000    10.000 r  clk (IN)
                         net (fo=0)                   0.000    10.000    clk
    E3                   IBUF (Prop_ibuf_I_O)         1.263    11.263 r  clk_IBUF_inst/O
                         net (fo=1, routed)           1.443    12.706    clk_IBUF
    BUFGCTRL_X0Y16       BUFG (Prop_bufg_I_O)         0.072    12.778 r  clk_IBUF_BUFG_inst/O
                         net (fo=32, routed)          1.225    14.003    clk_dvr/clk_IBUF_BUFG
    SLICE_X88Y50         FDRE                                         r  clk_dvr/s_divCounter_reg[4]/C
                         clock pessimism              0.231    14.234    
                         clock uncertainty           -0.035    14.198    
    SLICE_X88Y50         FDRE (Setup_fdre_C_R)       -0.373    13.825    clk_dvr/s_divCounter_reg[4]
  -------------------------------------------------------------------
                         required time                         13.825    
                         arrival time                          -7.733    
  -------------------------------------------------------------------
                         slack                                  6.092    

Slack (MET) :             6.245ns  (required time - arrival time)
  Source:                 clk_dvr/s_divCounter_reg[28]/C
                            (rising edge-triggered cell FDRE clocked by sys_clk_pin  {rise@0.000ns fall@5.000ns period=10.000ns})
  Destination:            clk_dvr/s_divCounter_reg[29]/R
                            (rising edge-triggered cell FDRE clocked by sys_clk_pin  {rise@0.000ns fall@5.000ns period=10.000ns})
  Path Group:             sys_clk_pin
  Path Type:              Setup (Max at Slow Process Corner)
  Requirement:            10.000ns  (sys_clk_pin rise@10.000ns - sys_clk_pin rise@0.000ns)
  Data Path Delay:        3.322ns  (logic 0.684ns (20.592%)  route 2.638ns (79.408%))
  Logic Levels:           3  (LUT4=2 LUT6=1)
  Clock Path Skew:        -0.025ns (DCD - SCD + CPR)
    Destination Clock Delay (DCD):    4.003ns = ( 14.003 - 10.000 ) 
    Source Clock Delay      (SCD):    4.259ns
    Clock Pessimism Removal (CPR):    0.231ns
  Clock Uncertainty:      0.035ns  ((TSJ^2 + TIJ^2)^1/2 + DJ) / 2 + PE
    Total System Jitter     (TSJ):    0.071ns
    Total Input Jitter      (TIJ):    0.000ns
    Discrete Jitter          (DJ):    0.000ns
    Phase Error              (PE):    0.000ns

    Location             Delay type                Incr(ns)  Path(ns)    Netlist Resource(s)
  -------------------------------------------------------------------    -------------------
                         (clock sys_clk_pin rise edge)
                                                      0.000     0.000 r  
    E3                                                0.000     0.000 r  clk (IN)
                         net (fo=0)                   0.000     0.000    clk
    E3                   IBUF (Prop_ibuf_I_O)         1.330     1.330 r  clk_IBUF_inst/O
                         net (fo=1, routed)           1.525     2.855    clk_IBUF
    BUFGCTRL_X0Y16       BUFG (Prop_bufg_I_O)         0.076     2.931 r  clk_IBUF_BUFG_inst/O
                         net (fo=32, routed)          1.328     4.259    clk_dvr/clk_IBUF_BUFG
    SLICE_X88Y56         FDRE                                         r  clk_dvr/s_divCounter_reg[28]/C
  -------------------------------------------------------------------    -------------------
    SLICE_X88Y56         FDRE (Prop_fdre_C_Q)         0.393     4.652 f  clk_dvr/s_divCounter_reg[28]/Q
                         net (fo=2, routed)           0.734     5.385    clk_dvr/s_divCounter[28]
    SLICE_X89Y56         LUT4 (Prop_lut4_I2_O)        0.097     5.482 f  clk_dvr/s_divCounter[30]_i_6/O
                         net (fo=1, routed)           0.846     6.329    clk_dvr/s_divCounter[30]_i_6_n_0
    SLICE_X89Y52         LUT6 (Prop_lut6_I2_O)        0.097     6.426 f  clk_dvr/s_divCounter[30]_i_2/O
                         net (fo=3, routed)           0.504     6.929    clk_dvr/s_divCounter[30]_i_2_n_0
    SLICE_X89Y53         LUT4 (Prop_lut4_I2_O)        0.097     7.026 r  clk_dvr/s_divCounter[30]_i_1/O
                         net (fo=30, routed)          0.554     7.580    clk_dvr/s_divCounter[30]_i_1_n_0
    SLICE_X88Y57         FDRE                                         r  clk_dvr/s_divCounter_reg[29]/R
  -------------------------------------------------------------------    -------------------

                         (clock sys_clk_pin rise edge)
                                                     10.000    10.000 r  
    E3                                                0.000    10.000 r  clk (IN)
                         net (fo=0)                   0.000    10.000    clk
    E3                   IBUF (Prop_ibuf_I_O)         1.263    11.263 r  clk_IBUF_inst/O
                         net (fo=1, routed)           1.443    12.706    clk_IBUF
    BUFGCTRL_X0Y16       BUFG (Prop_bufg_I_O)         0.072    12.778 r  clk_IBUF_BUFG_inst/O
                         net (fo=32, routed)          1.225    14.003    clk_dvr/clk_IBUF_BUFG
    SLICE_X88Y57         FDRE                                         r  clk_dvr/s_divCounter_reg[29]/C
                         clock pessimism              0.231    14.234    
                         clock uncertainty           -0.035    14.198    
    SLICE_X88Y57         FDRE (Setup_fdre_C_R)       -0.373    13.825    clk_dvr/s_divCounter_reg[29]
  -------------------------------------------------------------------
                         required time                         13.825    
                         arrival time                          -7.580    
  -------------------------------------------------------------------
                         slack                                  6.245    

Slack (MET) :             6.245ns  (required time - arrival time)
  Source:                 clk_dvr/s_divCounter_reg[28]/C
                            (rising edge-triggered cell FDRE clocked by sys_clk_pin  {rise@0.000ns fall@5.000ns period=10.000ns})
  Destination:            clk_dvr/s_divCounter_reg[30]/R
                            (rising edge-triggered cell FDRE clocked by sys_clk_pin  {rise@0.000ns fall@5.000ns period=10.000ns})
  Path Group:             sys_clk_pin
  Path Type:              Setup (Max at Slow Process Corner)
  Requirement:            10.000ns  (sys_clk_pin rise@10.000ns - sys_clk_pin rise@0.000ns)
  Data Path Delay:        3.322ns  (logic 0.684ns (20.592%)  route 2.638ns (79.408%))
  Logic Levels:           3  (LUT4=2 LUT6=1)
  Clock Path Skew:        -0.025ns (DCD - SCD + CPR)
    Destination Clock Delay (DCD):    4.003ns = ( 14.003 - 10.000 ) 
    Source Clock Delay      (SCD):    4.259ns
    Clock Pessimism Removal (CPR):    0.231ns
  Clock Uncertainty:      0.035ns  ((TSJ^2 + TIJ^2)^1/2 + DJ) / 2 + PE
    Total System Jitter     (TSJ):    0.071ns
    Total Input Jitter      (TIJ):    0.000ns
    Discrete Jitter          (DJ):    0.000ns
    Phase Error              (PE):    0.000ns

    Location             Delay type                Incr(ns)  Path(ns)    Netlist Resource(s)
  -------------------------------------------------------------------    -------------------
                         (clock sys_clk_pin rise edge)
                                                      0.000     0.000 r  
    E3                                                0.000     0.000 r  clk (IN)
                         net (fo=0)                   0.000     0.000    clk
    E3                   IBUF (Prop_ibuf_I_O)         1.330     1.330 r  clk_IBUF_inst/O
                         net (fo=1, routed)           1.525     2.855    clk_IBUF
    BUFGCTRL_X0Y16       BUFG (Prop_bufg_I_O)         0.076     2.931 r  clk_IBUF_BUFG_inst/O
                         net (fo=32, routed)          1.328     4.259    clk_dvr/clk_IBUF_BUFG
    SLICE_X88Y56         FDRE                                         r  clk_dvr/s_divCounter_reg[28]/C
  -------------------------------------------------------------------    -------------------
    SLICE_X88Y56         FDRE (Prop_fdre_C_Q)         0.393     4.652 f  clk_dvr/s_divCounter_reg[28]/Q
                         net (fo=2, routed)           0.734     5.385    clk_dvr/s_divCounter[28]
    SLICE_X89Y56         LUT4 (Prop_lut4_I2_O)        0.097     5.482 f  clk_dvr/s_divCounter[30]_i_6/O
                         net (fo=1, routed)           0.846     6.329    clk_dvr/s_divCounter[30]_i_6_n_0
    SLICE_X89Y52         LUT6 (Prop_lut6_I2_O)        0.097     6.426 f  clk_dvr/s_divCounter[30]_i_2/O
                         net (fo=3, routed)           0.504     6.929    clk_dvr/s_divCounter[30]_i_2_n_0
    SLICE_X89Y53         LUT4 (Prop_lut4_I2_O)        0.097     7.026 r  clk_dvr/s_divCounter[30]_i_1/O
                         net (fo=30, routed)          0.554     7.580    clk_dvr/s_divCounter[30]_i_1_n_0
    SLICE_X88Y57         FDRE                                         r  clk_dvr/s_divCounter_reg[30]/R
  -------------------------------------------------------------------    -------------------

                         (clock sys_clk_pin rise edge)
                                                     10.000    10.000 r  
    E3                                                0.000    10.000 r  clk (IN)
                         net (fo=0)                   0.000    10.000    clk
    E3                   IBUF (Prop_ibuf_I_O)         1.263    11.263 r  clk_IBUF_inst/O
                         net (fo=1, routed)           1.443    12.706    clk_IBUF
    BUFGCTRL_X0Y16       BUFG (Prop_bufg_I_O)         0.072    12.778 r  clk_IBUF_BUFG_inst/O
                         net (fo=32, routed)          1.225    14.003    clk_dvr/clk_IBUF_BUFG
    SLICE_X88Y57         FDRE                                         r  clk_dvr/s_divCounter_reg[30]/C
                         clock pessimism              0.231    14.234    
                         clock uncertainty           -0.035    14.198    
    SLICE_X88Y57         FDRE (Setup_fdre_C_R)       -0.373    13.825    clk_dvr/s_divCounter_reg[30]
  -------------------------------------------------------------------
                         required time                         13.825    
                         arrival time                          -7.580    
  -------------------------------------------------------------------
                         slack                                  6.245    

Slack (MET) :             6.334ns  (required time - arrival time)
  Source:                 clk_dvr/s_divCounter_reg[28]/C
                            (rising edge-triggered cell FDRE clocked by sys_clk_pin  {rise@0.000ns fall@5.000ns period=10.000ns})
  Destination:            clk_dvr/s_divCounter_reg[13]/R
                            (rising edge-triggered cell FDRE clocked by sys_clk_pin  {rise@0.000ns fall@5.000ns period=10.000ns})
  Path Group:             sys_clk_pin
  Path Type:              Setup (Max at Slow Process Corner)
  Requirement:            10.000ns  (sys_clk_pin rise@10.000ns - sys_clk_pin rise@0.000ns)
  Data Path Delay:        3.232ns  (logic 0.684ns (21.162%)  route 2.548ns (78.838%))
  Logic Levels:           3  (LUT4=2 LUT6=1)
  Clock Path Skew:        -0.025ns (DCD - SCD + CPR)
    Destination Clock Delay (DCD):    4.003ns = ( 14.003 - 10.000 ) 
    Source Clock Delay      (SCD):    4.259ns
    Clock Pessimism Removal (CPR):    0.231ns
  Clock Uncertainty:      0.035ns  ((TSJ^2 + TIJ^2)^1/2 + DJ) / 2 + PE
    Total System Jitter     (TSJ):    0.071ns
    Total Input Jitter      (TIJ):    0.000ns
    Discrete Jitter          (DJ):    0.000ns
    Phase Error              (PE):    0.000ns

    Location             Delay type                Incr(ns)  Path(ns)    Netlist Resource(s)
  -------------------------------------------------------------------    -------------------
                         (clock sys_clk_pin rise edge)
                                                      0.000     0.000 r  
    E3                                                0.000     0.000 r  clk (IN)
                         net (fo=0)                   0.000     0.000    clk
    E3                   IBUF (Prop_ibuf_I_O)         1.330     1.330 r  clk_IBUF_inst/O
                         net (fo=1, routed)           1.525     2.855    clk_IBUF
    BUFGCTRL_X0Y16       BUFG (Prop_bufg_I_O)         0.076     2.931 r  clk_IBUF_BUFG_inst/O
                         net (fo=32, routed)          1.328     4.259    clk_dvr/clk_IBUF_BUFG
    SLICE_X88Y56         FDRE                                         r  clk_dvr/s_divCounter_reg[28]/C
  -------------------------------------------------------------------    -------------------
    SLICE_X88Y56         FDRE (Prop_fdre_C_Q)         0.393     4.652 f  clk_dvr/s_divCounter_reg[28]/Q
                         net (fo=2, routed)           0.734     5.385    clk_dvr/s_divCounter[28]
    SLICE_X89Y56         LUT4 (Prop_lut4_I2_O)        0.097     5.482 f  clk_dvr/s_divCounter[30]_i_6/O
                         net (fo=1, routed)           0.846     6.329    clk_dvr/s_divCounter[30]_i_6_n_0
    SLICE_X89Y52         LUT6 (Prop_lut6_I2_O)        0.097     6.426 f  clk_dvr/s_divCounter[30]_i_2/O
                         net (fo=3, routed)           0.504     6.929    clk_dvr/s_divCounter[30]_i_2_n_0
    SLICE_X89Y53         LUT4 (Prop_lut4_I2_O)        0.097     7.026 r  clk_dvr/s_divCounter[30]_i_1/O
                         net (fo=30, routed)          0.464     7.491    clk_dvr/s_divCounter[30]_i_1_n_0
    SLICE_X88Y53         FDRE                                         r  clk_dvr/s_divCounter_reg[13]/R
  -------------------------------------------------------------------    -------------------

                         (clock sys_clk_pin rise edge)
                                                     10.000    10.000 r  
    E3                                                0.000    10.000 r  clk (IN)
                         net (fo=0)                   0.000    10.000    clk
    E3                   IBUF (Prop_ibuf_I_O)         1.263    11.263 r  clk_IBUF_inst/O
                         net (fo=1, routed)           1.443    12.706    clk_IBUF
    BUFGCTRL_X0Y16       BUFG (Prop_bufg_I_O)         0.072    12.778 r  clk_IBUF_BUFG_inst/O
                         net (fo=32, routed)          1.225    14.003    clk_dvr/clk_IBUF_BUFG
    SLICE_X88Y53         FDRE                                         r  clk_dvr/s_divCounter_reg[13]/C
                         clock pessimism              0.231    14.234    
                         clock uncertainty           -0.035    14.198    
    SLICE_X88Y53         FDRE (Setup_fdre_C_R)       -0.373    13.825    clk_dvr/s_divCounter_reg[13]
  -------------------------------------------------------------------
                         required time                         13.825    
                         arrival time                          -7.491    
  -------------------------------------------------------------------
                         slack                                  6.334    

Slack (MET) :             6.334ns  (required time - arrival time)
  Source:                 clk_dvr/s_divCounter_reg[28]/C
                            (rising edge-triggered cell FDRE clocked by sys_clk_pin  {rise@0.000ns fall@5.000ns period=10.000ns})
  Destination:            clk_dvr/s_divCounter_reg[14]/R
                            (rising edge-triggered cell FDRE clocked by sys_clk_pin  {rise@0.000ns fall@5.000ns period=10.000ns})
  Path Group:             sys_clk_pin
  Path Type:              Setup (Max at Slow Process Corner)
  Requirement:            10.000ns  (sys_clk_pin rise@10.000ns - sys_clk_pin rise@0.000ns)
  Data Path Delay:        3.232ns  (logic 0.684ns (21.162%)  route 2.548ns (78.838%))
  Logic Levels:           3  (LUT4=2 LUT6=1)
  Clock Path Skew:        -0.025ns (DCD - SCD + CPR)
    Destination Clock Delay (DCD):    4.003ns = ( 14.003 - 10.000 ) 
    Source Clock Delay      (SCD):    4.259ns
    Clock Pessimism Removal (CPR):    0.231ns
  Clock Uncertainty:      0.035ns  ((TSJ^2 + TIJ^2)^1/2 + DJ) / 2 + PE
    Total System Jitter     (TSJ):    0.071ns
    Total Input Jitter      (TIJ):    0.000ns
    Discrete Jitter          (DJ):    0.000ns
    Phase Error              (PE):    0.000ns

    Location             Delay type                Incr(ns)  Path(ns)    Netlist Resource(s)
  -------------------------------------------------------------------    -------------------
                         (clock sys_clk_pin rise edge)
                                                      0.000     0.000 r  
    E3                                                0.000     0.000 r  clk (IN)
                         net (fo=0)                   0.000     0.000    clk
    E3                   IBUF (Prop_ibuf_I_O)         1.330     1.330 r  clk_IBUF_inst/O
                         net (fo=1, routed)           1.525     2.855    clk_IBUF
    BUFGCTRL_X0Y16       BUFG (Prop_bufg_I_O)         0.076     2.931 r  clk_IBUF_BUFG_inst/O
                         net (fo=32, routed)          1.328     4.259    clk_dvr/clk_IBUF_BUFG
    SLICE_X88Y56         FDRE                                         r  clk_dvr/s_divCounter_reg[28]/C
  -------------------------------------------------------------------    -------------------
    SLICE_X88Y56         FDRE (Prop_fdre_C_Q)         0.393     4.652 f  clk_dvr/s_divCounter_reg[28]/Q
                         net (fo=2, routed)           0.734     5.385    clk_dvr/s_divCounter[28]
    SLICE_X89Y56         LUT4 (Prop_lut4_I2_O)        0.097     5.482 f  clk_dvr/s_divCounter[30]_i_6/O
                         net (fo=1, routed)           0.846     6.329    clk_dvr/s_divCounter[30]_i_6_n_0
    SLICE_X89Y52         LUT6 (Prop_lut6_I2_O)        0.097     6.426 f  clk_dvr/s_divCounter[30]_i_2/O
                         net (fo=3, routed)           0.504     6.929    clk_dvr/s_divCounter[30]_i_2_n_0
    SLICE_X89Y53         LUT4 (Prop_lut4_I2_O)        0.097     7.026 r  clk_dvr/s_divCounter[30]_i_1/O
                         net (fo=30, routed)          0.464     7.491    clk_dvr/s_divCounter[30]_i_1_n_0
    SLICE_X88Y53         FDRE                                         r  clk_dvr/s_divCounter_reg[14]/R
  -------------------------------------------------------------------    -------------------

                         (clock sys_clk_pin rise edge)
                                                     10.000    10.000 r  
    E3                                                0.000    10.000 r  clk (IN)
                         net (fo=0)                   0.000    10.000    clk
    E3                   IBUF (Prop_ibuf_I_O)         1.263    11.263 r  clk_IBUF_inst/O
                         net (fo=1, routed)           1.443    12.706    clk_IBUF
    BUFGCTRL_X0Y16       BUFG (Prop_bufg_I_O)         0.072    12.778 r  clk_IBUF_BUFG_inst/O
                         net (fo=32, routed)          1.225    14.003    clk_dvr/clk_IBUF_BUFG
    SLICE_X88Y53         FDRE                                         r  clk_dvr/s_divCounter_reg[14]/C
                         clock pessimism              0.231    14.234    
                         clock uncertainty           -0.035    14.198    
    SLICE_X88Y53         FDRE (Setup_fdre_C_R)       -0.373    13.825    clk_dvr/s_divCounter_reg[14]
  -------------------------------------------------------------------
                         required time                         13.825    
                         arrival time                          -7.491    
  -------------------------------------------------------------------
                         slack                                  6.334    

Slack (MET) :             6.334ns  (required time - arrival time)
  Source:                 clk_dvr/s_divCounter_reg[28]/C
                            (rising edge-triggered cell FDRE clocked by sys_clk_pin  {rise@0.000ns fall@5.000ns period=10.000ns})
  Destination:            clk_dvr/s_divCounter_reg[15]/R
                            (rising edge-triggered cell FDRE clocked by sys_clk_pin  {rise@0.000ns fall@5.000ns period=10.000ns})
  Path Group:             sys_clk_pin
  Path Type:              Setup (Max at Slow Process Corner)
  Requirement:            10.000ns  (sys_clk_pin rise@10.000ns - sys_clk_pin rise@0.000ns)
  Data Path Delay:        3.232ns  (logic 0.684ns (21.162%)  route 2.548ns (78.838%))
  Logic Levels:           3  (LUT4=2 LUT6=1)
  Clock Path Skew:        -0.025ns (DCD - SCD + CPR)
    Destination Clock Delay (DCD):    4.003ns = ( 14.003 - 10.000 ) 
    Source Clock Delay      (SCD):    4.259ns
    Clock Pessimism Removal (CPR):    0.231ns
  Clock Uncertainty:      0.035ns  ((TSJ^2 + TIJ^2)^1/2 + DJ) / 2 + PE
    Total System Jitter     (TSJ):    0.071ns
    Total Input Jitter      (TIJ):    0.000ns
    Discrete Jitter          (DJ):    0.000ns
    Phase Error              (PE):    0.000ns

    Location             Delay type                Incr(ns)  Path(ns)    Netlist Resource(s)
  -------------------------------------------------------------------    -------------------
                         (clock sys_clk_pin rise edge)
                                                      0.000     0.000 r  
    E3                                                0.000     0.000 r  clk (IN)
                         net (fo=0)                   0.000     0.000    clk
    E3                   IBUF (Prop_ibuf_I_O)         1.330     1.330 r  clk_IBUF_inst/O
                         net (fo=1, routed)           1.525     2.855    clk_IBUF
    BUFGCTRL_X0Y16       BUFG (Prop_bufg_I_O)         0.076     2.931 r  clk_IBUF_BUFG_inst/O
                         net (fo=32, routed)          1.328     4.259    clk_dvr/clk_IBUF_BUFG
    SLICE_X88Y56         FDRE                                         r  clk_dvr/s_divCounter_reg[28]/C
  -------------------------------------------------------------------    -------------------
    SLICE_X88Y56         FDRE (Prop_fdre_C_Q)         0.393     4.652 f  clk_dvr/s_divCounter_reg[28]/Q
                         net (fo=2, routed)           0.734     5.385    clk_dvr/s_divCounter[28]
    SLICE_X89Y56         LUT4 (Prop_lut4_I2_O)        0.097     5.482 f  clk_dvr/s_divCounter[30]_i_6/O
                         net (fo=1, routed)           0.846     6.329    clk_dvr/s_divCounter[30]_i_6_n_0
    SLICE_X89Y52         LUT6 (Prop_lut6_I2_O)        0.097     6.426 f  clk_dvr/s_divCounter[30]_i_2/O
                         net (fo=3, routed)           0.504     6.929    clk_dvr/s_divCounter[30]_i_2_n_0
    SLICE_X89Y53         LUT4 (Prop_lut4_I2_O)        0.097     7.026 r  clk_dvr/s_divCounter[30]_i_1/O
                         net (fo=30, routed)          0.464     7.491    clk_dvr/s_divCounter[30]_i_1_n_0
    SLICE_X88Y53         FDRE                                         r  clk_dvr/s_divCounter_reg[15]/R
  -------------------------------------------------------------------    -------------------

                         (clock sys_clk_pin rise edge)
                                                     10.000    10.000 r  
    E3                                                0.000    10.000 r  clk (IN)
                         net (fo=0)                   0.000    10.000    clk
    E3                   IBUF (Prop_ibuf_I_O)         1.263    11.263 r  clk_IBUF_inst/O
                         net (fo=1, routed)           1.443    12.706    clk_IBUF
    BUFGCTRL_X0Y16       BUFG (Prop_bufg_I_O)         0.072    12.778 r  clk_IBUF_BUFG_inst/O
                         net (fo=32, routed)          1.225    14.003    clk_dvr/clk_IBUF_BUFG
    SLICE_X88Y53         FDRE                                         r  clk_dvr/s_divCounter_reg[15]/C
                         clock pessimism              0.231    14.234    
                         clock uncertainty           -0.035    14.198    
    SLICE_X88Y53         FDRE (Setup_fdre_C_R)       -0.373    13.825    clk_dvr/s_divCounter_reg[15]
  -------------------------------------------------------------------
                         required time                         13.825    
                         arrival time                          -7.491    
  -------------------------------------------------------------------
                         slack                                  6.334    

Slack (MET) :             6.334ns  (required time - arrival time)
  Source:                 clk_dvr/s_divCounter_reg[28]/C
                            (rising edge-triggered cell FDRE clocked by sys_clk_pin  {rise@0.000ns fall@5.000ns period=10.000ns})
  Destination:            clk_dvr/s_divCounter_reg[16]/R
                            (rising edge-triggered cell FDRE clocked by sys_clk_pin  {rise@0.000ns fall@5.000ns period=10.000ns})
  Path Group:             sys_clk_pin
  Path Type:              Setup (Max at Slow Process Corner)
  Requirement:            10.000ns  (sys_clk_pin rise@10.000ns - sys_clk_pin rise@0.000ns)
  Data Path Delay:        3.232ns  (logic 0.684ns (21.162%)  route 2.548ns (78.838%))
  Logic Levels:           3  (LUT4=2 LUT6=1)
  Clock Path Skew:        -0.025ns (DCD - SCD + CPR)
    Destination Clock Delay (DCD):    4.003ns = ( 14.003 - 10.000 ) 
    Source Clock Delay      (SCD):    4.259ns
    Clock Pessimism Removal (CPR):    0.231ns
  Clock Uncertainty:      0.035ns  ((TSJ^2 + TIJ^2)^1/2 + DJ) / 2 + PE
    Total System Jitter     (TSJ):    0.071ns
    Total Input Jitter      (TIJ):    0.000ns
    Discrete Jitter          (DJ):    0.000ns
    Phase Error              (PE):    0.000ns

    Location             Delay type                Incr(ns)  Path(ns)    Netlist Resource(s)
  -------------------------------------------------------------------    -------------------
                         (clock sys_clk_pin rise edge)
                                                      0.000     0.000 r  
    E3                                                0.000     0.000 r  clk (IN)
                         net (fo=0)                   0.000     0.000    clk
    E3                   IBUF (Prop_ibuf_I_O)         1.330     1.330 r  clk_IBUF_inst/O
                         net (fo=1, routed)           1.525     2.855    clk_IBUF
    BUFGCTRL_X0Y16       BUFG (Prop_bufg_I_O)         0.076     2.931 r  clk_IBUF_BUFG_inst/O
                         net (fo=32, routed)          1.328     4.259    clk_dvr/clk_IBUF_BUFG
    SLICE_X88Y56         FDRE                                         r  clk_dvr/s_divCounter_reg[28]/C
  -------------------------------------------------------------------    -------------------
    SLICE_X88Y56         FDRE (Prop_fdre_C_Q)         0.393     4.652 f  clk_dvr/s_divCounter_reg[28]/Q
                         net (fo=2, routed)           0.734     5.385    clk_dvr/s_divCounter[28]
    SLICE_X89Y56         LUT4 (Prop_lut4_I2_O)        0.097     5.482 f  clk_dvr/s_divCounter[30]_i_6/O
                         net (fo=1, routed)           0.846     6.329    clk_dvr/s_divCounter[30]_i_6_n_0
    SLICE_X89Y52         LUT6 (Prop_lut6_I2_O)        0.097     6.426 f  clk_dvr/s_divCounter[30]_i_2/O
                         net (fo=3, routed)           0.504     6.929    clk_dvr/s_divCounter[30]_i_2_n_0
    SLICE_X89Y53         LUT4 (Prop_lut4_I2_O)        0.097     7.026 r  clk_dvr/s_divCounter[30]_i_1/O
                         net (fo=30, routed)          0.464     7.491    clk_dvr/s_divCounter[30]_i_1_n_0
    SLICE_X88Y53         FDRE                                         r  clk_dvr/s_divCounter_reg[16]/R
  -------------------------------------------------------------------    -------------------

                         (clock sys_clk_pin rise edge)
                                                     10.000    10.000 r  
    E3                                                0.000    10.000 r  clk (IN)
                         net (fo=0)                   0.000    10.000    clk
    E3                   IBUF (Prop_ibuf_I_O)         1.263    11.263 r  clk_IBUF_inst/O
                         net (fo=1, routed)           1.443    12.706    clk_IBUF
    BUFGCTRL_X0Y16       BUFG (Prop_bufg_I_O)         0.072    12.778 r  clk_IBUF_BUFG_inst/O
                         net (fo=32, routed)          1.225    14.003    clk_dvr/clk_IBUF_BUFG
    SLICE_X88Y53         FDRE                                         r  clk_dvr/s_divCounter_reg[16]/C
                         clock pessimism              0.231    14.234    
                         clock uncertainty           -0.035    14.198    
    SLICE_X88Y53         FDRE (Setup_fdre_C_R)       -0.373    13.825    clk_dvr/s_divCounter_reg[16]
  -------------------------------------------------------------------
                         required time                         13.825    
                         arrival time                          -7.491    
  -------------------------------------------------------------------
                         slack                                  6.334    





Min Delay Paths
--------------------------------------------------------------------------------------
Slack (MET) :             0.238ns  (arrival time - required time)
  Source:                 clk_dvr/s_divCounter_reg[7]/C
                            (rising edge-triggered cell FDRE clocked by sys_clk_pin  {rise@0.000ns fall@5.000ns period=10.000ns})
  Destination:            clk_dvr/clkOut_reg/D
                            (rising edge-triggered cell FDRE clocked by sys_clk_pin  {rise@0.000ns fall@5.000ns period=10.000ns})
  Path Group:             sys_clk_pin
  Path Type:              Hold (Min at Fast Process Corner)
  Requirement:            0.000ns  (sys_clk_pin rise@0.000ns - sys_clk_pin rise@0.000ns)
  Data Path Delay:        0.344ns  (logic 0.209ns (60.740%)  route 0.135ns (39.260%))
  Logic Levels:           1  (LUT4=1)
  Clock Path Skew:        0.015ns (DCD - SCD - CPR)
    Destination Clock Delay (DCD):    2.044ns
    Source Clock Delay      (SCD):    1.527ns
    Clock Pessimism Removal (CPR):    0.501ns

    Location             Delay type                Incr(ns)  Path(ns)    Netlist Resource(s)
  -------------------------------------------------------------------    -------------------
                         (clock sys_clk_pin rise edge)
                                                      0.000     0.000 r  
    E3                                                0.000     0.000 r  clk (IN)
                         net (fo=0)                   0.000     0.000    clk
    E3                   IBUF (Prop_ibuf_I_O)         0.250     0.250 r  clk_IBUF_inst/O
                         net (fo=1, routed)           0.644     0.894    clk_IBUF
    BUFGCTRL_X0Y16       BUFG (Prop_bufg_I_O)         0.026     0.920 r  clk_IBUF_BUFG_inst/O
                         net (fo=32, routed)          0.608     1.527    clk_dvr/clk_IBUF_BUFG
    SLICE_X88Y51         FDRE                                         r  clk_dvr/s_divCounter_reg[7]/C
  -------------------------------------------------------------------    -------------------
    SLICE_X88Y51         FDRE (Prop_fdre_C_Q)         0.164     1.691 f  clk_dvr/s_divCounter_reg[7]/Q
                         net (fo=4, routed)           0.135     1.826    clk_dvr/s_divCounter[7]
    SLICE_X89Y53         LUT4 (Prop_lut4_I3_O)        0.045     1.871 r  clk_dvr/clkOut_i_2/O
                         net (fo=1, routed)           0.000     1.871    clk_dvr/clkOut_0
    SLICE_X89Y53         FDRE                                         r  clk_dvr/clkOut_reg/D
  -------------------------------------------------------------------    -------------------

                         (clock sys_clk_pin rise edge)
                                                      0.000     0.000 r  
    E3                                                0.000     0.000 r  clk (IN)
                         net (fo=0)                   0.000     0.000    clk
    E3                   IBUF (Prop_ibuf_I_O)         0.438     0.438 r  clk_IBUF_inst/O
                         net (fo=1, routed)           0.699     1.136    clk_IBUF
    BUFGCTRL_X0Y16       BUFG (Prop_bufg_I_O)         0.029     1.165 r  clk_IBUF_BUFG_inst/O
                         net (fo=32, routed)          0.879     2.044    clk_dvr/clk_IBUF_BUFG
    SLICE_X89Y53         FDRE                                         r  clk_dvr/clkOut_reg/C
                         clock pessimism             -0.501     1.542    
    SLICE_X89Y53         FDRE (Hold_fdre_C_D)         0.091     1.633    clk_dvr/clkOut_reg
  -------------------------------------------------------------------
                         required time                         -1.633    
                         arrival time                           1.871    
  -------------------------------------------------------------------
                         slack                                  0.238    

Slack (MET) :             0.258ns  (arrival time - required time)
  Source:                 clk_dvr/s_divCounter_reg[2]/C
                            (rising edge-triggered cell FDRE clocked by sys_clk_pin  {rise@0.000ns fall@5.000ns period=10.000ns})
  Destination:            clk_dvr/s_divCounter_reg[2]/D
                            (rising edge-triggered cell FDRE clocked by sys_clk_pin  {rise@0.000ns fall@5.000ns period=10.000ns})
  Path Group:             sys_clk_pin
  Path Type:              Hold (Min at Fast Process Corner)
  Requirement:            0.000ns  (sys_clk_pin rise@0.000ns - sys_clk_pin rise@0.000ns)
  Data Path Delay:        0.392ns  (logic 0.275ns (70.195%)  route 0.117ns (29.805%))
  Logic Levels:           1  (CARRY4=1)
  Clock Path Skew:        0.000ns (DCD - SCD - CPR)
    Destination Clock Delay (DCD):    2.045ns
    Source Clock Delay      (SCD):    1.527ns
    Clock Pessimism Removal (CPR):    0.517ns

    Location             Delay type                Incr(ns)  Path(ns)    Netlist Resource(s)
  -------------------------------------------------------------------    -------------------
                         (clock sys_clk_pin rise edge)
                                                      0.000     0.000 r  
    E3                                                0.000     0.000 r  clk (IN)
                         net (fo=0)                   0.000     0.000    clk
    E3                   IBUF (Prop_ibuf_I_O)         0.250     0.250 r  clk_IBUF_inst/O
                         net (fo=1, routed)           0.644     0.894    clk_IBUF
    BUFGCTRL_X0Y16       BUFG (Prop_bufg_I_O)         0.026     0.920 r  clk_IBUF_BUFG_inst/O
                         net (fo=32, routed)          0.608     1.527    clk_dvr/clk_IBUF_BUFG
    SLICE_X88Y50         FDRE                                         r  clk_dvr/s_divCounter_reg[2]/C
  -------------------------------------------------------------------    -------------------
    SLICE_X88Y50         FDRE (Prop_fdre_C_Q)         0.164     1.691 r  clk_dvr/s_divCounter_reg[2]/Q
                         net (fo=2, routed)           0.117     1.808    clk_dvr/s_divCounter[2]
    SLICE_X88Y50         CARRY4 (Prop_carry4_S[1]_O[1])
                                                      0.111     1.919 r  clk_dvr/s_divCounter0_carry/O[1]
                         net (fo=1, routed)           0.000     1.919    clk_dvr/data0[2]
    SLICE_X88Y50         FDRE                                         r  clk_dvr/s_divCounter_reg[2]/D
  -------------------------------------------------------------------    -------------------

                         (clock sys_clk_pin rise edge)
                                                      0.000     0.000 r  
    E3                                                0.000     0.000 r  clk (IN)
                         net (fo=0)                   0.000     0.000    clk
    E3                   IBUF (Prop_ibuf_I_O)         0.438     0.438 r  clk_IBUF_inst/O
                         net (fo=1, routed)           0.699     1.136    clk_IBUF
    BUFGCTRL_X0Y16       BUFG (Prop_bufg_I_O)         0.029     1.165 r  clk_IBUF_BUFG_inst/O
                         net (fo=32, routed)          0.880     2.045    clk_dvr/clk_IBUF_BUFG
    SLICE_X88Y50         FDRE                                         r  clk_dvr/s_divCounter_reg[2]/C
                         clock pessimism             -0.517     1.527    
    SLICE_X88Y50         FDRE (Hold_fdre_C_D)         0.134     1.661    clk_dvr/s_divCounter_reg[2]
  -------------------------------------------------------------------
                         required time                         -1.661    
                         arrival time                           1.919    
  -------------------------------------------------------------------
                         slack                                  0.258    

Slack (MET) :             0.260ns  (arrival time - required time)
  Source:                 clk_dvr/s_divCounter_reg[11]/C
                            (rising edge-triggered cell FDRE clocked by sys_clk_pin  {rise@0.000ns fall@5.000ns period=10.000ns})
  Destination:            clk_dvr/s_divCounter_reg[11]/D
                            (rising edge-triggered cell FDRE clocked by sys_clk_pin  {rise@0.000ns fall@5.000ns period=10.000ns})
  Path Group:             sys_clk_pin
  Path Type:              Hold (Min at Fast Process Corner)
  Requirement:            0.000ns  (sys_clk_pin rise@0.000ns - sys_clk_pin rise@0.000ns)
  Data Path Delay:        0.394ns  (logic 0.274ns (69.458%)  route 0.120ns (30.542%))
  Logic Levels:           1  (CARRY4=1)
  Clock Path Skew:        0.000ns (DCD - SCD - CPR)
    Destination Clock Delay (DCD):    2.045ns
    Source Clock Delay      (SCD):    1.527ns
    Clock Pessimism Removal (CPR):    0.517ns

    Location             Delay type                Incr(ns)  Path(ns)    Netlist Resource(s)
  -------------------------------------------------------------------    -------------------
                         (clock sys_clk_pin rise edge)
                                                      0.000     0.000 r  
    E3                                                0.000     0.000 r  clk (IN)
                         net (fo=0)                   0.000     0.000    clk
    E3                   IBUF (Prop_ibuf_I_O)         0.250     0.250 r  clk_IBUF_inst/O
                         net (fo=1, routed)           0.644     0.894    clk_IBUF
    BUFGCTRL_X0Y16       BUFG (Prop_bufg_I_O)         0.026     0.920 r  clk_IBUF_BUFG_inst/O
                         net (fo=32, routed)          0.608     1.527    clk_dvr/clk_IBUF_BUFG
    SLICE_X88Y52         FDRE                                         r  clk_dvr/s_divCounter_reg[11]/C
  -------------------------------------------------------------------    -------------------
    SLICE_X88Y52         FDRE (Prop_fdre_C_Q)         0.164     1.691 r  clk_dvr/s_divCounter_reg[11]/Q
                         net (fo=2, routed)           0.120     1.812    clk_dvr/s_divCounter[11]
    SLICE_X88Y52         CARRY4 (Prop_carry4_S[2]_O[2])
                                                      0.110     1.922 r  clk_dvr/s_divCounter0_carry__1/O[2]
                         net (fo=1, routed)           0.000     1.922    clk_dvr/data0[11]
    SLICE_X88Y52         FDRE                                         r  clk_dvr/s_divCounter_reg[11]/D
  -------------------------------------------------------------------    -------------------

                         (clock sys_clk_pin rise edge)
                                                      0.000     0.000 r  
    E3                                                0.000     0.000 r  clk (IN)
                         net (fo=0)                   0.000     0.000    clk
    E3                   IBUF (Prop_ibuf_I_O)         0.438     0.438 r  clk_IBUF_inst/O
                         net (fo=1, routed)           0.699     1.136    clk_IBUF
    BUFGCTRL_X0Y16       BUFG (Prop_bufg_I_O)         0.029     1.165 r  clk_IBUF_BUFG_inst/O
                         net (fo=32, routed)          0.880     2.045    clk_dvr/clk_IBUF_BUFG
    SLICE_X88Y52         FDRE                                         r  clk_dvr/s_divCounter_reg[11]/C
                         clock pessimism             -0.517     1.527    
    SLICE_X88Y52         FDRE (Hold_fdre_C_D)         0.134     1.661    clk_dvr/s_divCounter_reg[11]
  -------------------------------------------------------------------
                         required time                         -1.661    
                         arrival time                           1.922    
  -------------------------------------------------------------------
                         slack                                  0.260    

Slack (MET) :             0.260ns  (arrival time - required time)
  Source:                 clk_dvr/s_divCounter_reg[23]/C
                            (rising edge-triggered cell FDRE clocked by sys_clk_pin  {rise@0.000ns fall@5.000ns period=10.000ns})
  Destination:            clk_dvr/s_divCounter_reg[23]/D
                            (rising edge-triggered cell FDRE clocked by sys_clk_pin  {rise@0.000ns fall@5.000ns period=10.000ns})
  Path Group:             sys_clk_pin
  Path Type:              Hold (Min at Fast Process Corner)
  Requirement:            0.000ns  (sys_clk_pin rise@0.000ns - sys_clk_pin rise@0.000ns)
  Data Path Delay:        0.394ns  (logic 0.274ns (69.458%)  route 0.120ns (30.542%))
  Logic Levels:           1  (CARRY4=1)
  Clock Path Skew:        0.000ns (DCD - SCD - CPR)
    Destination Clock Delay (DCD):    2.044ns
    Source Clock Delay      (SCD):    1.526ns
    Clock Pessimism Removal (CPR):    0.517ns

    Location             Delay type                Incr(ns)  Path(ns)    Netlist Resource(s)
  -------------------------------------------------------------------    -------------------
                         (clock sys_clk_pin rise edge)
                                                      0.000     0.000 r  
    E3                                                0.000     0.000 r  clk (IN)
                         net (fo=0)                   0.000     0.000    clk
    E3                   IBUF (Prop_ibuf_I_O)         0.250     0.250 r  clk_IBUF_inst/O
                         net (fo=1, routed)           0.644     0.894    clk_IBUF
    BUFGCTRL_X0Y16       BUFG (Prop_bufg_I_O)         0.026     0.920 r  clk_IBUF_BUFG_inst/O
                         net (fo=32, routed)          0.607     1.526    clk_dvr/clk_IBUF_BUFG
    SLICE_X88Y55         FDRE                                         r  clk_dvr/s_divCounter_reg[23]/C
  -------------------------------------------------------------------    -------------------
    SLICE_X88Y55         FDRE (Prop_fdre_C_Q)         0.164     1.690 r  clk_dvr/s_divCounter_reg[23]/Q
                         net (fo=2, routed)           0.120     1.811    clk_dvr/s_divCounter[23]
    SLICE_X88Y55         CARRY4 (Prop_carry4_S[2]_O[2])
                                                      0.110     1.921 r  clk_dvr/s_divCounter0_carry__4/O[2]
                         net (fo=1, routed)           0.000     1.921    clk_dvr/data0[23]
    SLICE_X88Y55         FDRE                                         r  clk_dvr/s_divCounter_reg[23]/D
  -------------------------------------------------------------------    -------------------

                         (clock sys_clk_pin rise edge)
                                                      0.000     0.000 r  
    E3                                                0.000     0.000 r  clk (IN)
                         net (fo=0)                   0.000     0.000    clk
    E3                   IBUF (Prop_ibuf_I_O)         0.438     0.438 r  clk_IBUF_inst/O
                         net (fo=1, routed)           0.699     1.136    clk_IBUF
    BUFGCTRL_X0Y16       BUFG (Prop_bufg_I_O)         0.029     1.165 r  clk_IBUF_BUFG_inst/O
                         net (fo=32, routed)          0.879     2.044    clk_dvr/clk_IBUF_BUFG
    SLICE_X88Y55         FDRE                                         r  clk_dvr/s_divCounter_reg[23]/C
                         clock pessimism             -0.517     1.526    
    SLICE_X88Y55         FDRE (Hold_fdre_C_D)         0.134     1.660    clk_dvr/s_divCounter_reg[23]
  -------------------------------------------------------------------
                         required time                         -1.660    
                         arrival time                           1.921    
  -------------------------------------------------------------------
                         slack                                  0.260    

Slack (MET) :             0.262ns  (arrival time - required time)
  Source:                 clk_dvr/s_divCounter_reg[15]/C
                            (rising edge-triggered cell FDRE clocked by sys_clk_pin  {rise@0.000ns fall@5.000ns period=10.000ns})
  Destination:            clk_dvr/s_divCounter_reg[15]/D
                            (rising edge-triggered cell FDRE clocked by sys_clk_pin  {rise@0.000ns fall@5.000ns period=10.000ns})
  Path Group:             sys_clk_pin
  Path Type:              Hold (Min at Fast Process Corner)
  Requirement:            0.000ns  (sys_clk_pin rise@0.000ns - sys_clk_pin rise@0.000ns)
  Data Path Delay:        0.396ns  (logic 0.274ns (69.247%)  route 0.122ns (30.753%))
  Logic Levels:           1  (CARRY4=1)
  Clock Path Skew:        0.000ns (DCD - SCD - CPR)
    Destination Clock Delay (DCD):    2.044ns
    Source Clock Delay      (SCD):    1.526ns
    Clock Pessimism Removal (CPR):    0.517ns

    Location             Delay type                Incr(ns)  Path(ns)    Netlist Resource(s)
  -------------------------------------------------------------------    -------------------
                         (clock sys_clk_pin rise edge)
                                                      0.000     0.000 r  
    E3                                                0.000     0.000 r  clk (IN)
                         net (fo=0)                   0.000     0.000    clk
    E3                   IBUF (Prop_ibuf_I_O)         0.250     0.250 r  clk_IBUF_inst/O
                         net (fo=1, routed)           0.644     0.894    clk_IBUF
    BUFGCTRL_X0Y16       BUFG (Prop_bufg_I_O)         0.026     0.920 r  clk_IBUF_BUFG_inst/O
                         net (fo=32, routed)          0.607     1.526    clk_dvr/clk_IBUF_BUFG
    SLICE_X88Y53         FDRE                                         r  clk_dvr/s_divCounter_reg[15]/C
  -------------------------------------------------------------------    -------------------
    SLICE_X88Y53         FDRE (Prop_fdre_C_Q)         0.164     1.690 r  clk_dvr/s_divCounter_reg[15]/Q
                         net (fo=2, routed)           0.122     1.812    clk_dvr/s_divCounter[15]
    SLICE_X88Y53         CARRY4 (Prop_carry4_S[2]_O[2])
                                                      0.110     1.922 r  clk_dvr/s_divCounter0_carry__2/O[2]
                         net (fo=1, routed)           0.000     1.922    clk_dvr/data0[15]
    SLICE_X88Y53         FDRE                                         r  clk_dvr/s_divCounter_reg[15]/D
  -------------------------------------------------------------------    -------------------

                         (clock sys_clk_pin rise edge)
                                                      0.000     0.000 r  
    E3                                                0.000     0.000 r  clk (IN)
                         net (fo=0)                   0.000     0.000    clk
    E3                   IBUF (Prop_ibuf_I_O)         0.438     0.438 r  clk_IBUF_inst/O
                         net (fo=1, routed)           0.699     1.136    clk_IBUF
    BUFGCTRL_X0Y16       BUFG (Prop_bufg_I_O)         0.029     1.165 r  clk_IBUF_BUFG_inst/O
                         net (fo=32, routed)          0.879     2.044    clk_dvr/clk_IBUF_BUFG
    SLICE_X88Y53         FDRE                                         r  clk_dvr/s_divCounter_reg[15]/C
                         clock pessimism             -0.517     1.526    
    SLICE_X88Y53         FDRE (Hold_fdre_C_D)         0.134     1.660    clk_dvr/s_divCounter_reg[15]
  -------------------------------------------------------------------
                         required time                         -1.660    
                         arrival time                           1.922    
  -------------------------------------------------------------------
                         slack                                  0.262    

Slack (MET) :             0.262ns  (arrival time - required time)
  Source:                 clk_dvr/s_divCounter_reg[3]/C
                            (rising edge-triggered cell FDRE clocked by sys_clk_pin  {rise@0.000ns fall@5.000ns period=10.000ns})
  Destination:            clk_dvr/s_divCounter_reg[3]/D
                            (rising edge-triggered cell FDRE clocked by sys_clk_pin  {rise@0.000ns fall@5.000ns period=10.000ns})
  Path Group:             sys_clk_pin
  Path Type:              Hold (Min at Fast Process Corner)
  Requirement:            0.000ns  (sys_clk_pin rise@0.000ns - sys_clk_pin rise@0.000ns)
  Data Path Delay:        0.396ns  (logic 0.274ns (69.247%)  route 0.122ns (30.753%))
  Logic Levels:           1  (CARRY4=1)
  Clock Path Skew:        0.000ns (DCD - SCD - CPR)
    Destination Clock Delay (DCD):    2.045ns
    Source Clock Delay      (SCD):    1.527ns
    Clock Pessimism Removal (CPR):    0.517ns

    Location             Delay type                Incr(ns)  Path(ns)    Netlist Resource(s)
  -------------------------------------------------------------------    -------------------
                         (clock sys_clk_pin rise edge)
                                                      0.000     0.000 r  
    E3                                                0.000     0.000 r  clk (IN)
                         net (fo=0)                   0.000     0.000    clk
    E3                   IBUF (Prop_ibuf_I_O)         0.250     0.250 r  clk_IBUF_inst/O
                         net (fo=1, routed)           0.644     0.894    clk_IBUF
    BUFGCTRL_X0Y16       BUFG (Prop_bufg_I_O)         0.026     0.920 r  clk_IBUF_BUFG_inst/O
                         net (fo=32, routed)          0.608     1.527    clk_dvr/clk_IBUF_BUFG
    SLICE_X88Y50         FDRE                                         r  clk_dvr/s_divCounter_reg[3]/C
  -------------------------------------------------------------------    -------------------
    SLICE_X88Y50         FDRE (Prop_fdre_C_Q)         0.164     1.691 r  clk_dvr/s_divCounter_reg[3]/Q
                         net (fo=2, routed)           0.122     1.813    clk_dvr/s_divCounter[3]
    SLICE_X88Y50         CARRY4 (Prop_carry4_S[2]_O[2])
                                                      0.110     1.923 r  clk_dvr/s_divCounter0_carry/O[2]
                         net (fo=1, routed)           0.000     1.923    clk_dvr/data0[3]
    SLICE_X88Y50         FDRE                                         r  clk_dvr/s_divCounter_reg[3]/D
  -------------------------------------------------------------------    -------------------

                         (clock sys_clk_pin rise edge)
                                                      0.000     0.000 r  
    E3                                                0.000     0.000 r  clk (IN)
                         net (fo=0)                   0.000     0.000    clk
    E3                   IBUF (Prop_ibuf_I_O)         0.438     0.438 r  clk_IBUF_inst/O
                         net (fo=1, routed)           0.699     1.136    clk_IBUF
    BUFGCTRL_X0Y16       BUFG (Prop_bufg_I_O)         0.029     1.165 r  clk_IBUF_BUFG_inst/O
                         net (fo=32, routed)          0.880     2.045    clk_dvr/clk_IBUF_BUFG
    SLICE_X88Y50         FDRE                                         r  clk_dvr/s_divCounter_reg[3]/C
                         clock pessimism             -0.517     1.527    
    SLICE_X88Y50         FDRE (Hold_fdre_C_D)         0.134     1.661    clk_dvr/s_divCounter_reg[3]
  -------------------------------------------------------------------
                         required time                         -1.661    
                         arrival time                           1.923    
  -------------------------------------------------------------------
                         slack                                  0.262    

Slack (MET) :             0.273ns  (arrival time - required time)
  Source:                 clk_dvr/s_divCounter_reg[0]/C
                            (rising edge-triggered cell FDRE clocked by sys_clk_pin  {rise@0.000ns fall@5.000ns period=10.000ns})
  Destination:            clk_dvr/s_divCounter_reg[0]/D
                            (rising edge-triggered cell FDRE clocked by sys_clk_pin  {rise@0.000ns fall@5.000ns period=10.000ns})
  Path Group:             sys_clk_pin
  Path Type:              Hold (Min at Fast Process Corner)
  Requirement:            0.000ns  (sys_clk_pin rise@0.000ns - sys_clk_pin rise@0.000ns)
  Data Path Delay:        0.364ns  (logic 0.186ns (51.166%)  route 0.178ns (48.834%))
  Logic Levels:           1  (LUT1=1)
  Clock Path Skew:        0.000ns (DCD - SCD - CPR)
    Destination Clock Delay (DCD):    2.045ns
    Source Clock Delay      (SCD):    1.527ns
    Clock Pessimism Removal (CPR):    0.517ns

    Location             Delay type                Incr(ns)  Path(ns)    Netlist Resource(s)
  -------------------------------------------------------------------    -------------------
                         (clock sys_clk_pin rise edge)
                                                      0.000     0.000 r  
    E3                                                0.000     0.000 r  clk (IN)
                         net (fo=0)                   0.000     0.000    clk
    E3                   IBUF (Prop_ibuf_I_O)         0.250     0.250 r  clk_IBUF_inst/O
                         net (fo=1, routed)           0.644     0.894    clk_IBUF
    BUFGCTRL_X0Y16       BUFG (Prop_bufg_I_O)         0.026     0.920 r  clk_IBUF_BUFG_inst/O
                         net (fo=32, routed)          0.608     1.527    clk_dvr/clk_IBUF_BUFG
    SLICE_X89Y52         FDRE                                         r  clk_dvr/s_divCounter_reg[0]/C
  -------------------------------------------------------------------    -------------------
    SLICE_X89Y52         FDRE (Prop_fdre_C_Q)         0.141     1.668 f  clk_dvr/s_divCounter_reg[0]/Q
                         net (fo=3, routed)           0.178     1.846    clk_dvr/s_divCounter[0]
    SLICE_X89Y52         LUT1 (Prop_lut1_I0_O)        0.045     1.891 r  clk_dvr/s_divCounter[0]_i_1/O
                         net (fo=1, routed)           0.000     1.891    clk_dvr/s_divCounter_1[0]
    SLICE_X89Y52         FDRE                                         r  clk_dvr/s_divCounter_reg[0]/D
  -------------------------------------------------------------------    -------------------

                         (clock sys_clk_pin rise edge)
                                                      0.000     0.000 r  
    E3                                                0.000     0.000 r  clk (IN)
                         net (fo=0)                   0.000     0.000    clk
    E3                   IBUF (Prop_ibuf_I_O)         0.438     0.438 r  clk_IBUF_inst/O
                         net (fo=1, routed)           0.699     1.136    clk_IBUF
    BUFGCTRL_X0Y16       BUFG (Prop_bufg_I_O)         0.029     1.165 r  clk_IBUF_BUFG_inst/O
                         net (fo=32, routed)          0.880     2.045    clk_dvr/clk_IBUF_BUFG
    SLICE_X89Y52         FDRE                                         r  clk_dvr/s_divCounter_reg[0]/C
                         clock pessimism             -0.517     1.527    
    SLICE_X89Y52         FDRE (Hold_fdre_C_D)         0.091     1.618    clk_dvr/s_divCounter_reg[0]
  -------------------------------------------------------------------
                         required time                         -1.618    
                         arrival time                           1.891    
  -------------------------------------------------------------------
                         slack                                  0.273    

Slack (MET) :             0.284ns  (arrival time - required time)
  Source:                 clk_dvr/s_divCounter_reg[0]/C
                            (rising edge-triggered cell FDRE clocked by sys_clk_pin  {rise@0.000ns fall@5.000ns period=10.000ns})
  Destination:            clk_dvr/s_divCounter_reg[1]/D
                            (rising edge-triggered cell FDRE clocked by sys_clk_pin  {rise@0.000ns fall@5.000ns period=10.000ns})
  Path Group:             sys_clk_pin
  Path Type:              Hold (Min at Fast Process Corner)
  Requirement:            0.000ns  (sys_clk_pin rise@0.000ns - sys_clk_pin rise@0.000ns)
  Data Path Delay:        0.434ns  (logic 0.299ns (68.909%)  route 0.135ns (31.091%))
  Logic Levels:           1  (CARRY4=1)
  Clock Path Skew:        0.016ns (DCD - SCD - CPR)
    Destination Clock Delay (DCD):    2.045ns
    Source Clock Delay      (SCD):    1.527ns
    Clock Pessimism Removal (CPR):    0.501ns

    Location             Delay type                Incr(ns)  Path(ns)    Netlist Resource(s)
  -------------------------------------------------------------------    -------------------
                         (clock sys_clk_pin rise edge)
                                                      0.000     0.000 r  
    E3                                                0.000     0.000 r  clk (IN)
                         net (fo=0)                   0.000     0.000    clk
    E3                   IBUF (Prop_ibuf_I_O)         0.250     0.250 r  clk_IBUF_inst/O
                         net (fo=1, routed)           0.644     0.894    clk_IBUF
    BUFGCTRL_X0Y16       BUFG (Prop_bufg_I_O)         0.026     0.920 r  clk_IBUF_BUFG_inst/O
                         net (fo=32, routed)          0.608     1.527    clk_dvr/clk_IBUF_BUFG
    SLICE_X89Y52         FDRE                                         r  clk_dvr/s_divCounter_reg[0]/C
  -------------------------------------------------------------------    -------------------
    SLICE_X89Y52         FDRE (Prop_fdre_C_Q)         0.141     1.668 r  clk_dvr/s_divCounter_reg[0]/Q
                         net (fo=3, routed)           0.135     1.803    clk_dvr/s_divCounter[0]
    SLICE_X88Y50         CARRY4 (Prop_carry4_CYINIT_O[0])
                                                      0.158     1.961 r  clk_dvr/s_divCounter0_carry/O[0]
                         net (fo=1, routed)           0.000     1.961    clk_dvr/data0[1]
    SLICE_X88Y50         FDRE                                         r  clk_dvr/s_divCounter_reg[1]/D
  -------------------------------------------------------------------    -------------------

                         (clock sys_clk_pin rise edge)
                                                      0.000     0.000 r  
    E3                                                0.000     0.000 r  clk (IN)
                         net (fo=0)                   0.000     0.000    clk
    E3                   IBUF (Prop_ibuf_I_O)         0.438     0.438 r  clk_IBUF_inst/O
                         net (fo=1, routed)           0.699     1.136    clk_IBUF
    BUFGCTRL_X0Y16       BUFG (Prop_bufg_I_O)         0.029     1.165 r  clk_IBUF_BUFG_inst/O
                         net (fo=32, routed)          0.880     2.045    clk_dvr/clk_IBUF_BUFG
    SLICE_X88Y50         FDRE                                         r  clk_dvr/s_divCounter_reg[1]/C
                         clock pessimism             -0.501     1.543    
    SLICE_X88Y50         FDRE (Hold_fdre_C_D)         0.134     1.677    clk_dvr/s_divCounter_reg[1]
  -------------------------------------------------------------------
                         required time                         -1.677    
                         arrival time                           1.961    
  -------------------------------------------------------------------
                         slack                                  0.284    

Slack (MET) :             0.296ns  (arrival time - required time)
  Source:                 clk_dvr/s_divCounter_reg[11]/C
                            (rising edge-triggered cell FDRE clocked by sys_clk_pin  {rise@0.000ns fall@5.000ns period=10.000ns})
  Destination:            clk_dvr/s_divCounter_reg[12]/D
                            (rising edge-triggered cell FDRE clocked by sys_clk_pin  {rise@0.000ns fall@5.000ns period=10.000ns})
  Path Group:             sys_clk_pin
  Path Type:              Hold (Min at Fast Process Corner)
  Requirement:            0.000ns  (sys_clk_pin rise@0.000ns - sys_clk_pin rise@0.000ns)
  Data Path Delay:        0.430ns  (logic 0.310ns (72.012%)  route 0.120ns (27.988%))
  Logic Levels:           1  (CARRY4=1)
  Clock Path Skew:        0.000ns (DCD - SCD - CPR)
    Destination Clock Delay (DCD):    2.045ns
    Source Clock Delay      (SCD):    1.527ns
    Clock Pessimism Removal (CPR):    0.517ns

    Location             Delay type                Incr(ns)  Path(ns)    Netlist Resource(s)
  -------------------------------------------------------------------    -------------------
                         (clock sys_clk_pin rise edge)
                                                      0.000     0.000 r  
    E3                                                0.000     0.000 r  clk (IN)
                         net (fo=0)                   0.000     0.000    clk
    E3                   IBUF (Prop_ibuf_I_O)         0.250     0.250 r  clk_IBUF_inst/O
                         net (fo=1, routed)           0.644     0.894    clk_IBUF
    BUFGCTRL_X0Y16       BUFG (Prop_bufg_I_O)         0.026     0.920 r  clk_IBUF_BUFG_inst/O
                         net (fo=32, routed)          0.608     1.527    clk_dvr/clk_IBUF_BUFG
    SLICE_X88Y52         FDRE                                         r  clk_dvr/s_divCounter_reg[11]/C
  -------------------------------------------------------------------    -------------------
    SLICE_X88Y52         FDRE (Prop_fdre_C_Q)         0.164     1.691 r  clk_dvr/s_divCounter_reg[11]/Q
                         net (fo=2, routed)           0.120     1.812    clk_dvr/s_divCounter[11]
    SLICE_X88Y52         CARRY4 (Prop_carry4_S[2]_O[3])
                                                      0.146     1.958 r  clk_dvr/s_divCounter0_carry__1/O[3]
                         net (fo=1, routed)           0.000     1.958    clk_dvr/data0[12]
    SLICE_X88Y52         FDRE                                         r  clk_dvr/s_divCounter_reg[12]/D
  -------------------------------------------------------------------    -------------------

                         (clock sys_clk_pin rise edge)
                                                      0.000     0.000 r  
    E3                                                0.000     0.000 r  clk (IN)
                         net (fo=0)                   0.000     0.000    clk
    E3                   IBUF (Prop_ibuf_I_O)         0.438     0.438 r  clk_IBUF_inst/O
                         net (fo=1, routed)           0.699     1.136    clk_IBUF
    BUFGCTRL_X0Y16       BUFG (Prop_bufg_I_O)         0.029     1.165 r  clk_IBUF_BUFG_inst/O
                         net (fo=32, routed)          0.880     2.045    clk_dvr/clk_IBUF_BUFG
    SLICE_X88Y52         FDRE                                         r  clk_dvr/s_divCounter_reg[12]/C
                         clock pessimism             -0.517     1.527    
    SLICE_X88Y52         FDRE (Hold_fdre_C_D)         0.134     1.661    clk_dvr/s_divCounter_reg[12]
  -------------------------------------------------------------------
                         required time                         -1.661    
                         arrival time                           1.958    
  -------------------------------------------------------------------
                         slack                                  0.296    

Slack (MET) :             0.296ns  (arrival time - required time)
  Source:                 clk_dvr/s_divCounter_reg[23]/C
                            (rising edge-triggered cell FDRE clocked by sys_clk_pin  {rise@0.000ns fall@5.000ns period=10.000ns})
  Destination:            clk_dvr/s_divCounter_reg[24]/D
                            (rising edge-triggered cell FDRE clocked by sys_clk_pin  {rise@0.000ns fall@5.000ns period=10.000ns})
  Path Group:             sys_clk_pin
  Path Type:              Hold (Min at Fast Process Corner)
  Requirement:            0.000ns  (sys_clk_pin rise@0.000ns - sys_clk_pin rise@0.000ns)
  Data Path Delay:        0.430ns  (logic 0.310ns (72.012%)  route 0.120ns (27.988%))
  Logic Levels:           1  (CARRY4=1)
  Clock Path Skew:        0.000ns (DCD - SCD - CPR)
    Destination Clock Delay (DCD):    2.044ns
    Source Clock Delay      (SCD):    1.526ns
    Clock Pessimism Removal (CPR):    0.517ns

    Location             Delay type                Incr(ns)  Path(ns)    Netlist Resource(s)
  -------------------------------------------------------------------    -------------------
                         (clock sys_clk_pin rise edge)
                                                      0.000     0.000 r  
    E3                                                0.000     0.000 r  clk (IN)
                         net (fo=0)                   0.000     0.000    clk
    E3                   IBUF (Prop_ibuf_I_O)         0.250     0.250 r  clk_IBUF_inst/O
                         net (fo=1, routed)           0.644     0.894    clk_IBUF
    BUFGCTRL_X0Y16       BUFG (Prop_bufg_I_O)         0.026     0.920 r  clk_IBUF_BUFG_inst/O
                         net (fo=32, routed)          0.607     1.526    clk_dvr/clk_IBUF_BUFG
    SLICE_X88Y55         FDRE                                         r  clk_dvr/s_divCounter_reg[23]/C
  -------------------------------------------------------------------    -------------------
    SLICE_X88Y55         FDRE (Prop_fdre_C_Q)         0.164     1.690 r  clk_dvr/s_divCounter_reg[23]/Q
                         net (fo=2, routed)           0.120     1.811    clk_dvr/s_divCounter[23]
    SLICE_X88Y55         CARRY4 (Prop_carry4_S[2]_O[3])
                                                      0.146     1.957 r  clk_dvr/s_divCounter0_carry__4/O[3]
                         net (fo=1, routed)           0.000     1.957    clk_dvr/data0[24]
    SLICE_X88Y55         FDRE                                         r  clk_dvr/s_divCounter_reg[24]/D
  -------------------------------------------------------------------    -------------------

                         (clock sys_clk_pin rise edge)
                                                      0.000     0.000 r  
    E3                                                0.000     0.000 r  clk (IN)
                         net (fo=0)                   0.000     0.000    clk
    E3                   IBUF (Prop_ibuf_I_O)         0.438     0.438 r  clk_IBUF_inst/O
                         net (fo=1, routed)           0.699     1.136    clk_IBUF
    BUFGCTRL_X0Y16       BUFG (Prop_bufg_I_O)         0.029     1.165 r  clk_IBUF_BUFG_inst/O
                         net (fo=32, routed)          0.879     2.044    clk_dvr/clk_IBUF_BUFG
    SLICE_X88Y55         FDRE                                         r  clk_dvr/s_divCounter_reg[24]/C
                         clock pessimism             -0.517     1.526    
    SLICE_X88Y55         FDRE (Hold_fdre_C_D)         0.134     1.660    clk_dvr/s_divCounter_reg[24]
  -------------------------------------------------------------------
                         required time                         -1.660    
                         arrival time                           1.957    
  -------------------------------------------------------------------
                         slack                                  0.296    





Pulse Width Checks
--------------------------------------------------------------------------------------
Clock Name:         sys_clk_pin
Waveform(ns):       { 0.000 5.000 }
Period(ns):         10.000
Sources:            { clk }

Check Type        Corner  Lib Pin  Reference Pin  Required(ns)  Actual(ns)  Slack(ns)  Location        Pin
Min Period        n/a     BUFG/I   n/a            1.592         10.000      8.408      BUFGCTRL_X0Y16  clk_IBUF_BUFG_inst/I
Min Period        n/a     FDRE/C   n/a            1.000         10.000      9.000      SLICE_X89Y53    clk_dvr/clkOut_reg/C
Min Period        n/a     FDRE/C   n/a            1.000         10.000      9.000      SLICE_X89Y52    clk_dvr/s_divCounter_reg[0]/C
Min Period        n/a     FDRE/C   n/a            1.000         10.000      9.000      SLICE_X88Y52    clk_dvr/s_divCounter_reg[10]/C
Min Period        n/a     FDRE/C   n/a            1.000         10.000      9.000      SLICE_X88Y52    clk_dvr/s_divCounter_reg[11]/C
Min Period        n/a     FDRE/C   n/a            1.000         10.000      9.000      SLICE_X88Y52    clk_dvr/s_divCounter_reg[12]/C
Min Period        n/a     FDRE/C   n/a            1.000         10.000      9.000      SLICE_X88Y53    clk_dvr/s_divCounter_reg[13]/C
Min Period        n/a     FDRE/C   n/a            1.000         10.000      9.000      SLICE_X88Y53    clk_dvr/s_divCounter_reg[14]/C
Min Period        n/a     FDRE/C   n/a            1.000         10.000      9.000      SLICE_X88Y53    clk_dvr/s_divCounter_reg[15]/C
Min Period        n/a     FDRE/C   n/a            1.000         10.000      9.000      SLICE_X88Y53    clk_dvr/s_divCounter_reg[16]/C
Low Pulse Width   Slow    FDRE/C   n/a            0.500         5.000       4.500      SLICE_X89Y53    clk_dvr/clkOut_reg/C
Low Pulse Width   Slow    FDRE/C   n/a            0.500         5.000       4.500      SLICE_X89Y52    clk_dvr/s_divCounter_reg[0]/C
Low Pulse Width   Slow    FDRE/C   n/a            0.500         5.000       4.500      SLICE_X88Y52    clk_dvr/s_divCounter_reg[10]/C
Low Pulse Width   Slow    FDRE/C   n/a            0.500         5.000       4.500      SLICE_X88Y52    clk_dvr/s_divCounter_reg[11]/C
Low Pulse Width   Slow    FDRE/C   n/a            0.500         5.000       4.500      SLICE_X88Y52    clk_dvr/s_divCounter_reg[12]/C
Low Pulse Width   Slow    FDRE/C   n/a            0.500         5.000       4.500      SLICE_X88Y53    clk_dvr/s_divCounter_reg[13]/C
Low Pulse Width   Slow    FDRE/C   n/a            0.500         5.000       4.500      SLICE_X88Y53    clk_dvr/s_divCounter_reg[14]/C
Low Pulse Width   Slow    FDRE/C   n/a            0.500         5.000       4.500      SLICE_X88Y53    clk_dvr/s_divCounter_reg[15]/C
Low Pulse Width   Slow    FDRE/C   n/a            0.500         5.000       4.500      SLICE_X88Y53    clk_dvr/s_divCounter_reg[16]/C
Low Pulse Width   Slow    FDRE/C   n/a            0.500         5.000       4.500      SLICE_X88Y54    clk_dvr/s_divCounter_reg[17]/C
High Pulse Width  Slow    FDRE/C   n/a            0.500         5.000       4.500      SLICE_X89Y53    clk_dvr/clkOut_reg/C
High Pulse Width  Slow    FDRE/C   n/a            0.500         5.000       4.500      SLICE_X89Y52    clk_dvr/s_divCounter_reg[0]/C
High Pulse Width  Slow    FDRE/C   n/a            0.500         5.000       4.500      SLICE_X88Y52    clk_dvr/s_divCounter_reg[10]/C
High Pulse Width  Slow    FDRE/C   n/a            0.500         5.000       4.500      SLICE_X88Y52    clk_dvr/s_divCounter_reg[11]/C
High Pulse Width  Slow    FDRE/C   n/a            0.500         5.000       4.500      SLICE_X88Y52    clk_dvr/s_divCounter_reg[12]/C
High Pulse Width  Slow    FDRE/C   n/a            0.500         5.000       4.500      SLICE_X88Y53    clk_dvr/s_divCounter_reg[13]/C
High Pulse Width  Slow    FDRE/C   n/a            0.500         5.000       4.500      SLICE_X88Y53    clk_dvr/s_divCounter_reg[14]/C
High Pulse Width  Slow    FDRE/C   n/a            0.500         5.000       4.500      SLICE_X88Y53    clk_dvr/s_divCounter_reg[15]/C
High Pulse Width  Slow    FDRE/C   n/a            0.500         5.000       4.500      SLICE_X88Y53    clk_dvr/s_divCounter_reg[16]/C
High Pulse Width  Slow    FDRE/C   n/a            0.500         5.000       4.500      SLICE_X88Y54    clk_dvr/s_divCounter_reg[17]/C



