Copyright 1986-2016 Xilinx, Inc. All Rights Reserved.
--------------------------------------------------------------------------------------------
| Tool Version : Vivado v.2016.4 (win64) Build 1756540 Mon Jan 23 19:11:23 MST 2017
| Date         : Tue Apr 04 20:27:43 2017
| Host         : Inator running 64-bit major release  (build 9200)
| Command      : report_control_sets -verbose -file ex3_top_wrapper_control_sets_placed.rpt
| Design       : ex3_top_wrapper
| Device       : xc7a100t
--------------------------------------------------------------------------------------------

Control Set Information

Table of Contents
-----------------
1. Summary
2. Flip-Flop Distribution
3. Detailed Control Set Information

1. Summary
----------

+----------------------------------------------------------+-------+
|                          Status                          | Count |
+----------------------------------------------------------+-------+
| Number of unique control sets                            |     4 |
| Unused register locations in slices containing registers |    14 |
+----------------------------------------------------------+-------+


2. Flip-Flop Distribution
-------------------------

+--------------+-----------------------+------------------------+-----------------+--------------+
| Clock Enable | Synchronous Set/Reset | Asynchronous Set/Reset | Total Registers | Total Slices |
+--------------+-----------------------+------------------------+-----------------+--------------+
| No           | No                    | No                     |              34 |           10 |
| No           | No                    | Yes                    |               0 |            0 |
| No           | Yes                   | No                     |               0 |            0 |
| Yes          | No                    | No                     |               0 |            0 |
| Yes          | No                    | Yes                    |               0 |            0 |
| Yes          | Yes                   | No                     |              24 |            5 |
+--------------+-----------------------+------------------------+-----------------+--------------+


3. Detailed Control Set Information
-----------------------------------

+-------------------------------+--------------------------------------------+------------------+------------------+----------------+
|          Clock Signal         |                Enable Signal               | Set/Reset Signal | Slice Load Count | Bel Load Count |
+-------------------------------+--------------------------------------------+------------------+------------------+----------------+
|  clk_IBUF_BUFG                | ex3_top_i/MaxMinFSM_0/U0/ResMax[7]_i_1_n_0 | btnD_IBUF        |                3 |             12 |
|  clk_IBUF_BUFG                | ex3_top_i/MaxMinFSM_0/U0/ResMin[7]_i_1_n_0 | btnD_IBUF        |                2 |             12 |
|  ex3_top_i/MaxMinFSM_0/U0/C_S |                                            |                  |                3 |             12 |
|  clk_IBUF_BUFG                |                                            |                  |                7 |             22 |
+-------------------------------+--------------------------------------------+------------------+------------------+----------------+


+--------+-----------------------+
| Fanout | Number of ControlSets |
+--------+-----------------------+
| 12     |                     3 |
| 16+    |                     1 |
+--------+-----------------------+


