Copyright 1986-2016 Xilinx, Inc. All Rights Reserved.
-------------------------------------------------------------------------------------------------------------------------------------------------------------------
| Tool Version     : Vivado v.2016.4 (win64) Build 1756540 Mon Jan 23 19:11:23 MST 2017
| Date             : Mon Jun 05 14:43:02 2017
| Host             : Inator running 64-bit major release  (build 9200)
| Command          : report_power -file ex7_top_wrapper_power_routed.rpt -pb ex7_top_wrapper_power_summary_routed.pb -rpx ex7_top_wrapper_power_routed.rpx
| Design           : ex7_top_wrapper
| Device           : xc7a100tcsg324-3
| Design State     : routed
| Grade            : extended
| Process          : typical
| Characterization : Production
-------------------------------------------------------------------------------------------------------------------------------------------------------------------

Power Report

Table of Contents
-----------------
1. Summary
1.1 On-Chip Components
1.2 Power Supply Summary
1.3 Confidence Level
2. Settings
2.1 Environment
2.2 Clock Constraints
3. Detailed Reports
3.1 By Hierarchy

1. Summary
----------

+--------------------------+--------+
| Total On-Chip Power (W)  | 0.202  |
| Dynamic (W)              | 0.104  |
| Device Static (W)        | 0.097  |
| Effective TJA (C/W)      | 4.6    |
| Max Ambient (C)          | 99.1   |
| Junction Temperature (C) | 25.9   |
| Confidence Level         | Medium |
| Setting File             | ---    |
| Simulation Activity File | ---    |
| Design Nets Matched      | NA     |
+--------------------------+--------+


1.1 On-Chip Components
----------------------

+----------------+-----------+----------+-----------+-----------------+
| On-Chip        | Power (W) | Used     | Available | Utilization (%) |
+----------------+-----------+----------+-----------+-----------------+
| Clocks         |     0.003 |        3 |       --- |             --- |
| Slice Logic    |     0.017 |     2333 |       --- |             --- |
|   LUT as Logic |     0.016 |     1377 |     63400 |            2.17 |
|   CARRY4       |    <0.001 |       82 |     15850 |            0.52 |
|   Register     |    <0.001 |      366 |    126800 |            0.29 |
|   F7/F8 Muxes  |    <0.001 |       26 |     63400 |            0.04 |
|   Others       |     0.000 |       23 |       --- |             --- |
| Signals        |     0.024 |     1835 |       --- |             --- |
| Block RAM      |     0.004 |        1 |       135 |            0.74 |
| I/O            |     0.058 |       32 |       210 |           15.24 |
| Static Power   |     0.097 |          |           |                 |
| Total          |     0.202 |          |           |                 |
+----------------+-----------+----------+-----------+-----------------+


1.2 Power Supply Summary
------------------------

+-----------+-------------+-----------+-------------+------------+
| Source    | Voltage (V) | Total (A) | Dynamic (A) | Static (A) |
+-----------+-------------+-----------+-------------+------------+
| Vccint    |       1.000 |     0.062 |       0.046 |      0.015 |
| Vccaux    |       1.800 |     0.020 |       0.002 |      0.018 |
| Vcco33    |       3.300 |     0.020 |       0.016 |      0.004 |
| Vcco25    |       2.500 |     0.000 |       0.000 |      0.000 |
| Vcco18    |       1.800 |     0.000 |       0.000 |      0.000 |
| Vcco15    |       1.500 |     0.000 |       0.000 |      0.000 |
| Vcco135   |       1.350 |     0.000 |       0.000 |      0.000 |
| Vcco12    |       1.200 |     0.000 |       0.000 |      0.000 |
| Vccaux_io |       1.800 |     0.000 |       0.000 |      0.000 |
| Vccbram   |       1.000 |     0.000 |       0.000 |      0.000 |
| MGTAVcc   |       1.000 |     0.000 |       0.000 |      0.000 |
| MGTAVtt   |       1.200 |     0.000 |       0.000 |      0.000 |
| Vccadc    |       1.800 |     0.020 |       0.000 |      0.020 |
+-----------+-------------+-----------+-------------+------------+


1.3 Confidence Level
--------------------

+-----------------------------+------------+------------------------------------------------+------------------------------------------------------------------------------------------------------------+
| User Input Data             | Confidence | Details                                        | Action                                                                                                     |
+-----------------------------+------------+------------------------------------------------+------------------------------------------------------------------------------------------------------------+
| Design implementation state | High       | Design is routed                               |                                                                                                            |
| Clock nodes activity        | High       | User specified more than 95% of clocks         |                                                                                                            |
| I/O nodes activity          | High       | User specified more than 95% of inputs         |                                                                                                            |
| Internal nodes activity     | Medium     | User specified less than 25% of internal nodes | Provide missing internal nodes activity with simulation results or by editing the "By Resource Type" views |
| Device models               | High       | Device models are Production                   |                                                                                                            |
|                             |            |                                                |                                                                                                            |
| Overall confidence level    | Medium     |                                                |                                                                                                            |
+-----------------------------+------------+------------------------------------------------+------------------------------------------------------------------------------------------------------------+


2. Settings
-----------

2.1 Environment
---------------

+-----------------------+--------------------------+
| Ambient Temp (C)      | 25.0                     |
| ThetaJA (C/W)         | 4.6                      |
| Airflow (LFM)         | 250                      |
| Heat Sink             | medium (Medium Profile)  |
| ThetaSA (C/W)         | 4.6                      |
| Board Selection       | medium (10"x10")         |
| # of Board Layers     | 12to15 (12 to 15 Layers) |
| Board Temperature (C) | 25.0                     |
+-----------------------+--------------------------+


2.2 Clock Constraints
---------------------

+-------------+--------+-----------------+
| Clock       | Domain | Constraint (ns) |
+-------------+--------+-----------------+
| sys_clk_pin | clk    |            10.0 |
+-------------+--------+-----------------+


3. Detailed Reports
-------------------

3.1 By Hierarchy
----------------

+------------------------------------------------+-----------+
| Name                                           | Power (W) |
+------------------------------------------------+-----------+
| ex7_top_wrapper                                |     0.104 |
|   ex7_top_i                                    |     0.047 |
|     BinToBCD16_1                               |    <0.001 |
|       U0                                       |    <0.001 |
|     BinToBCD16_2                               |    <0.001 |
|       U0                                       |    <0.001 |
|     EightDispControl_0                         |    <0.001 |
|       U0                                       |    <0.001 |
|     SliceMemory_0                              |     0.002 |
|       U0                                       |     0.002 |
|     blk_mem_gen_0                              |     0.003 |
|       U0                                       |     0.003 |
|         inst_blk_mem_gen                       |     0.003 |
|           gnbram.gnativebmg.native_blk_mem_gen |     0.003 |
|             valid.cstr                         |     0.003 |
|               ramloop[0].ram.r                 |     0.003 |
|                 prim_init.ram                  |     0.003 |
|     blk_mem_gen_1                              |     0.002 |
|       U0                                       |     0.002 |
|         inst_blk_mem_gen                       |     0.002 |
|           gnbram.gnativebmg.native_blk_mem_gen |     0.002 |
|             valid.cstr                         |     0.002 |
|               ramloop[0].ram.r                 |     0.002 |
|                 prim_noinit.ram                |     0.002 |
|     concat_memory_0                            |     0.002 |
|       U0                                       |     0.002 |
|     counter_generic_0                          |    <0.001 |
|       U0                                       |    <0.001 |
|         clk_dvr1                               |    <0.001 |
|         counter                                |    <0.001 |
|     sort_0                                     |     0.035 |
|     xlconcat_0                                 |     0.000 |
|     xlconstant_0                               |     0.000 |
|     xlconstant_1                               |     0.000 |
|     xlslice_0                                  |     0.000 |
|     xlslice_1                                  |     0.000 |
|     xlslice_2                                  |     0.000 |
+------------------------------------------------+-----------+


