Copyright 1986-2016 Xilinx, Inc. All Rights Reserved.
-------------------------------------------------------------------------------------------------------------------------------------
| Tool Version : Vivado v.2016.4 (win64) Build 1756540 Mon Jan 23 19:11:23 MST 2017
| Date         : Mon Jun 05 14:43:00 2017
| Host         : Inator running 64-bit major release  (build 9200)
| Command      : report_methodology -file ex7_top_wrapper_methodology_drc_routed.rpt -rpx ex7_top_wrapper_methodology_drc_routed.rpx
| Design       : ex7_top_wrapper
| Device       : xc7a100tcsg324-3
| Speed File   : -3
| Design State : Routed
-------------------------------------------------------------------------------------------------------------------------------------

Report Methodology

Table of Contents
-----------------
1. REPORT SUMMARY
2. REPORT DETAILS

1. REPORT SUMMARY
-----------------
            Netlist: netlist
          Floorplan: design_1
      Design limits: <entire design considered>
             Max violations: <unlimited>
             Violations found: 57
+-----------+----------+--------------------------------------------------------+------------+
| Rule      | Severity | Description                                            | Violations |
+-----------+----------+--------------------------------------------------------+------------+
| TIMING-16 | Warning  | Large setup violation                                  | 22         |
| TIMING-17 | Warning  | Non-clocked sequential cell                            | 3          |
| TIMING-18 | Warning  | Missing input or output delay                          | 31         |
| XDCC-1    | Warning  | Scoped Clock constraint overwritten with the same name | 1          |
+-----------+----------+--------------------------------------------------------+------------+

2. REPORT DETAILS
-----------------
TIMING-16#1 Warning
Large setup violation  
There is a large setup violation of -11.344 ns between ex7_top_i/concat_memory_0/U0/vector_s_reg[3][1]/C (clocked by sys_clk_pin) and ex7_top_i/SliceMemory_0/U0/dataOut_reg[21]/D (clocked by sys_clk_pin). Large setup violations at the end of those stages might be difficult to fix during the post-placement implementation flow and could be the result of non-optimal XDC constraints or non-optimal design architecture
Related violations: <none>

TIMING-16#2 Warning
Large setup violation  
There is a large setup violation of -11.345 ns between ex7_top_i/concat_memory_0/U0/vector_s_reg[3][1]/C (clocked by sys_clk_pin) and ex7_top_i/SliceMemory_0/U0/dataOut_reg[3]/D (clocked by sys_clk_pin). Large setup violations at the end of those stages might be difficult to fix during the post-placement implementation flow and could be the result of non-optimal XDC constraints or non-optimal design architecture
Related violations: <none>

TIMING-16#3 Warning
Large setup violation  
There is a large setup violation of -11.347 ns between ex7_top_i/concat_memory_0/U0/vector_s_reg[3][1]/C (clocked by sys_clk_pin) and ex7_top_i/SliceMemory_0/U0/dataOut_reg[13]/D (clocked by sys_clk_pin). Large setup violations at the end of those stages might be difficult to fix during the post-placement implementation flow and could be the result of non-optimal XDC constraints or non-optimal design architecture
Related violations: <none>

TIMING-16#4 Warning
Large setup violation  
There is a large setup violation of -11.367 ns between ex7_top_i/concat_memory_0/U0/vector_s_reg[3][1]/C (clocked by sys_clk_pin) and ex7_top_i/SliceMemory_0/U0/dataOut_reg[10]/D (clocked by sys_clk_pin). Large setup violations at the end of those stages might be difficult to fix during the post-placement implementation flow and could be the result of non-optimal XDC constraints or non-optimal design architecture
Related violations: <none>

TIMING-16#5 Warning
Large setup violation  
There is a large setup violation of -11.372 ns between ex7_top_i/concat_memory_0/U0/vector_s_reg[3][1]/C (clocked by sys_clk_pin) and ex7_top_i/SliceMemory_0/U0/dataOut_reg[11]/D (clocked by sys_clk_pin). Large setup violations at the end of those stages might be difficult to fix during the post-placement implementation flow and could be the result of non-optimal XDC constraints or non-optimal design architecture
Related violations: <none>

TIMING-16#6 Warning
Large setup violation  
There is a large setup violation of -11.376 ns between ex7_top_i/concat_memory_0/U0/vector_s_reg[3][1]/C (clocked by sys_clk_pin) and ex7_top_i/SliceMemory_0/U0/dataOut_reg[17]/D (clocked by sys_clk_pin). Large setup violations at the end of those stages might be difficult to fix during the post-placement implementation flow and could be the result of non-optimal XDC constraints or non-optimal design architecture
Related violations: <none>

TIMING-16#7 Warning
Large setup violation  
There is a large setup violation of -11.376 ns between ex7_top_i/concat_memory_0/U0/vector_s_reg[3][1]/C (clocked by sys_clk_pin) and ex7_top_i/SliceMemory_0/U0/dataOut_reg[19]/D (clocked by sys_clk_pin). Large setup violations at the end of those stages might be difficult to fix during the post-placement implementation flow and could be the result of non-optimal XDC constraints or non-optimal design architecture
Related violations: <none>

TIMING-16#8 Warning
Large setup violation  
There is a large setup violation of -11.396 ns between ex7_top_i/concat_memory_0/U0/vector_s_reg[3][1]/C (clocked by sys_clk_pin) and ex7_top_i/SliceMemory_0/U0/dataOut_reg[20]/D (clocked by sys_clk_pin). Large setup violations at the end of those stages might be difficult to fix during the post-placement implementation flow and could be the result of non-optimal XDC constraints or non-optimal design architecture
Related violations: <none>

TIMING-16#9 Warning
Large setup violation  
There is a large setup violation of -11.397 ns between ex7_top_i/concat_memory_0/U0/vector_s_reg[3][1]/C (clocked by sys_clk_pin) and ex7_top_i/SliceMemory_0/U0/dataOut_reg[7]/D (clocked by sys_clk_pin). Large setup violations at the end of those stages might be difficult to fix during the post-placement implementation flow and could be the result of non-optimal XDC constraints or non-optimal design architecture
Related violations: <none>

TIMING-16#10 Warning
Large setup violation  
There is a large setup violation of -11.399 ns between ex7_top_i/concat_memory_0/U0/vector_s_reg[3][1]/C (clocked by sys_clk_pin) and ex7_top_i/SliceMemory_0/U0/dataOut_reg[16]/D (clocked by sys_clk_pin). Large setup violations at the end of those stages might be difficult to fix during the post-placement implementation flow and could be the result of non-optimal XDC constraints or non-optimal design architecture
Related violations: <none>

TIMING-16#11 Warning
Large setup violation  
There is a large setup violation of -11.403 ns between ex7_top_i/concat_memory_0/U0/vector_s_reg[3][1]/C (clocked by sys_clk_pin) and ex7_top_i/SliceMemory_0/U0/dataOut_reg[9]/D (clocked by sys_clk_pin). Large setup violations at the end of those stages might be difficult to fix during the post-placement implementation flow and could be the result of non-optimal XDC constraints or non-optimal design architecture
Related violations: <none>

TIMING-16#12 Warning
Large setup violation  
There is a large setup violation of -11.408 ns between ex7_top_i/concat_memory_0/U0/vector_s_reg[3][1]/C (clocked by sys_clk_pin) and ex7_top_i/SliceMemory_0/U0/dataOut_reg[18]/D (clocked by sys_clk_pin). Large setup violations at the end of those stages might be difficult to fix during the post-placement implementation flow and could be the result of non-optimal XDC constraints or non-optimal design architecture
Related violations: <none>

TIMING-16#13 Warning
Large setup violation  
There is a large setup violation of -11.418 ns between ex7_top_i/concat_memory_0/U0/vector_s_reg[3][1]/C (clocked by sys_clk_pin) and ex7_top_i/SliceMemory_0/U0/dataOut_reg[12]/D (clocked by sys_clk_pin). Large setup violations at the end of those stages might be difficult to fix during the post-placement implementation flow and could be the result of non-optimal XDC constraints or non-optimal design architecture
Related violations: <none>

TIMING-16#14 Warning
Large setup violation  
There is a large setup violation of -11.420 ns between ex7_top_i/concat_memory_0/U0/vector_s_reg[3][1]/C (clocked by sys_clk_pin) and ex7_top_i/SliceMemory_0/U0/dataOut_reg[14]/D (clocked by sys_clk_pin). Large setup violations at the end of those stages might be difficult to fix during the post-placement implementation flow and could be the result of non-optimal XDC constraints or non-optimal design architecture
Related violations: <none>

TIMING-16#15 Warning
Large setup violation  
There is a large setup violation of -11.423 ns between ex7_top_i/concat_memory_0/U0/vector_s_reg[3][1]/C (clocked by sys_clk_pin) and ex7_top_i/SliceMemory_0/U0/dataOut_reg[1]/D (clocked by sys_clk_pin). Large setup violations at the end of those stages might be difficult to fix during the post-placement implementation flow and could be the result of non-optimal XDC constraints or non-optimal design architecture
Related violations: <none>

TIMING-16#16 Warning
Large setup violation  
There is a large setup violation of -11.454 ns between ex7_top_i/concat_memory_0/U0/vector_s_reg[3][1]/C (clocked by sys_clk_pin) and ex7_top_i/SliceMemory_0/U0/dataOut_reg[4]/D (clocked by sys_clk_pin). Large setup violations at the end of those stages might be difficult to fix during the post-placement implementation flow and could be the result of non-optimal XDC constraints or non-optimal design architecture
Related violations: <none>

TIMING-16#17 Warning
Large setup violation  
There is a large setup violation of -11.463 ns between ex7_top_i/concat_memory_0/U0/vector_s_reg[3][1]/C (clocked by sys_clk_pin) and ex7_top_i/SliceMemory_0/U0/dataOut_reg[5]/D (clocked by sys_clk_pin). Large setup violations at the end of those stages might be difficult to fix during the post-placement implementation flow and could be the result of non-optimal XDC constraints or non-optimal design architecture
Related violations: <none>

TIMING-16#18 Warning
Large setup violation  
There is a large setup violation of -11.464 ns between ex7_top_i/concat_memory_0/U0/vector_s_reg[3][1]/C (clocked by sys_clk_pin) and ex7_top_i/SliceMemory_0/U0/dataOut_reg[2]/D (clocked by sys_clk_pin). Large setup violations at the end of those stages might be difficult to fix during the post-placement implementation flow and could be the result of non-optimal XDC constraints or non-optimal design architecture
Related violations: <none>

TIMING-16#19 Warning
Large setup violation  
There is a large setup violation of -11.464 ns between ex7_top_i/concat_memory_0/U0/vector_s_reg[3][1]/C (clocked by sys_clk_pin) and ex7_top_i/SliceMemory_0/U0/dataOut_reg[6]/D (clocked by sys_clk_pin). Large setup violations at the end of those stages might be difficult to fix during the post-placement implementation flow and could be the result of non-optimal XDC constraints or non-optimal design architecture
Related violations: <none>

TIMING-16#20 Warning
Large setup violation  
There is a large setup violation of -11.465 ns between ex7_top_i/concat_memory_0/U0/vector_s_reg[3][1]/C (clocked by sys_clk_pin) and ex7_top_i/SliceMemory_0/U0/dataOut_reg[0]/D (clocked by sys_clk_pin). Large setup violations at the end of those stages might be difficult to fix during the post-placement implementation flow and could be the result of non-optimal XDC constraints or non-optimal design architecture
Related violations: <none>

TIMING-16#21 Warning
Large setup violation  
There is a large setup violation of -11.471 ns between ex7_top_i/concat_memory_0/U0/vector_s_reg[3][1]/C (clocked by sys_clk_pin) and ex7_top_i/SliceMemory_0/U0/dataOut_reg[15]/D (clocked by sys_clk_pin). Large setup violations at the end of those stages might be difficult to fix during the post-placement implementation flow and could be the result of non-optimal XDC constraints or non-optimal design architecture
Related violations: <none>

TIMING-16#22 Warning
Large setup violation  
There is a large setup violation of -11.528 ns between ex7_top_i/concat_memory_0/U0/vector_s_reg[3][1]/C (clocked by sys_clk_pin) and ex7_top_i/SliceMemory_0/U0/dataOut_reg[8]/D (clocked by sys_clk_pin). Large setup violations at the end of those stages might be difficult to fix during the post-placement implementation flow and could be the result of non-optimal XDC constraints or non-optimal design architecture
Related violations: <none>

TIMING-17#1 Warning
Non-clocked sequential cell  
The clock pin ex7_top_i/counter_generic_0/U0/counter/s_countValue_reg[0]/C is not reached by a timing clock
Related violations: <none>

TIMING-17#2 Warning
Non-clocked sequential cell  
The clock pin ex7_top_i/counter_generic_0/U0/counter/s_countValue_reg[1]/C is not reached by a timing clock
Related violations: <none>

TIMING-17#3 Warning
Non-clocked sequential cell  
The clock pin ex7_top_i/counter_generic_0/U0/counter/s_countValue_reg[2]/C is not reached by a timing clock
Related violations: <none>

TIMING-18#1 Warning
Missing input or output delay  
An output delay is missing on an[0] relative to clock(s) sys_clk_pin 
Related violations: <none>

TIMING-18#2 Warning
Missing input or output delay  
An output delay is missing on an[1] relative to clock(s) sys_clk_pin 
Related violations: <none>

TIMING-18#3 Warning
Missing input or output delay  
An output delay is missing on an[2] relative to clock(s) sys_clk_pin 
Related violations: <none>

TIMING-18#4 Warning
Missing input or output delay  
An output delay is missing on an[3] relative to clock(s) sys_clk_pin 
Related violations: <none>

TIMING-18#5 Warning
Missing input or output delay  
An output delay is missing on an[4] relative to clock(s) sys_clk_pin 
Related violations: <none>

TIMING-18#6 Warning
Missing input or output delay  
An output delay is missing on an[5] relative to clock(s) sys_clk_pin 
Related violations: <none>

TIMING-18#7 Warning
Missing input or output delay  
An output delay is missing on an[6] relative to clock(s) sys_clk_pin 
Related violations: <none>

TIMING-18#8 Warning
Missing input or output delay  
An output delay is missing on an[7] relative to clock(s) sys_clk_pin 
Related violations: <none>

TIMING-18#9 Warning
Missing input or output delay  
An output delay is missing on led[0] relative to clock(s) sys_clk_pin 
Related violations: <none>

TIMING-18#10 Warning
Missing input or output delay  
An output delay is missing on led[10] relative to clock(s) sys_clk_pin 
Related violations: <none>

TIMING-18#11 Warning
Missing input or output delay  
An output delay is missing on led[11] relative to clock(s) sys_clk_pin 
Related violations: <none>

TIMING-18#12 Warning
Missing input or output delay  
An output delay is missing on led[12] relative to clock(s) sys_clk_pin 
Related violations: <none>

TIMING-18#13 Warning
Missing input or output delay  
An output delay is missing on led[13] relative to clock(s) sys_clk_pin 
Related violations: <none>

TIMING-18#14 Warning
Missing input or output delay  
An output delay is missing on led[14] relative to clock(s) sys_clk_pin 
Related violations: <none>

TIMING-18#15 Warning
Missing input or output delay  
An output delay is missing on led[15] relative to clock(s) sys_clk_pin 
Related violations: <none>

TIMING-18#16 Warning
Missing input or output delay  
An output delay is missing on led[1] relative to clock(s) sys_clk_pin 
Related violations: <none>

TIMING-18#17 Warning
Missing input or output delay  
An output delay is missing on led[2] relative to clock(s) sys_clk_pin 
Related violations: <none>

TIMING-18#18 Warning
Missing input or output delay  
An output delay is missing on led[3] relative to clock(s) sys_clk_pin 
Related violations: <none>

TIMING-18#19 Warning
Missing input or output delay  
An output delay is missing on led[4] relative to clock(s) sys_clk_pin 
Related violations: <none>

TIMING-18#20 Warning
Missing input or output delay  
An output delay is missing on led[5] relative to clock(s) sys_clk_pin 
Related violations: <none>

TIMING-18#21 Warning
Missing input or output delay  
An output delay is missing on led[6] relative to clock(s) sys_clk_pin 
Related violations: <none>

TIMING-18#22 Warning
Missing input or output delay  
An output delay is missing on led[7] relative to clock(s) sys_clk_pin 
Related violations: <none>

TIMING-18#23 Warning
Missing input or output delay  
An output delay is missing on led[8] relative to clock(s) sys_clk_pin 
Related violations: <none>

TIMING-18#24 Warning
Missing input or output delay  
An output delay is missing on led[9] relative to clock(s) sys_clk_pin 
Related violations: <none>

TIMING-18#25 Warning
Missing input or output delay  
An output delay is missing on seg[0] relative to clock(s) sys_clk_pin 
Related violations: <none>

TIMING-18#26 Warning
Missing input or output delay  
An output delay is missing on seg[1] relative to clock(s) sys_clk_pin 
Related violations: <none>

TIMING-18#27 Warning
Missing input or output delay  
An output delay is missing on seg[2] relative to clock(s) sys_clk_pin 
Related violations: <none>

TIMING-18#28 Warning
Missing input or output delay  
An output delay is missing on seg[3] relative to clock(s) sys_clk_pin 
Related violations: <none>

TIMING-18#29 Warning
Missing input or output delay  
An output delay is missing on seg[4] relative to clock(s) sys_clk_pin 
Related violations: <none>

TIMING-18#30 Warning
Missing input or output delay  
An output delay is missing on seg[5] relative to clock(s) sys_clk_pin 
Related violations: <none>

TIMING-18#31 Warning
Missing input or output delay  
An output delay is missing on seg[6] relative to clock(s) sys_clk_pin 
Related violations: <none>

XDCC-1#1 Warning
Scoped Clock constraint overwritten with the same name  
A new clock constraint create_clock overrides a previous scoped clock constraint with the same name. It is not recommended to override a scoped (typically an IP) clock constraint and could result in unexpected behaviors.
New: create_clock -period 10.000 -name sys_clk_pin -waveform {0.000 5.000} -add [get_ports clk] (Source: C:/Users/jduarte/Documents/GitHub/CR/Aula6/ex7_top/ex7_top.srcs/constrs_1/imports/CR/Nexys4_Master.xdc (Line: 10))
Previous: create_clock -period 10.000 -name sys_clk_pin -waveform {0.000 5.000} -add [get_ports -scoped_to_current_instance clk] (Source: c:/Users/jduarte/Documents/GitHub/CR/Aula6/ex7_top/ex7_top.srcs/sources_1/bd/ex7_top/ip/ex7_top_counter_generic_0_0/constrs_1/imports/Desktop/Nexys4_Master.xdc (Line: 10))
Related violations: <none>


